{"C:\\Users\\com\\OneDrive\\Desktop\\Hireflow\\backend\\src\\app.js": {"path":"C:\\Users\\com\\OneDrive\\Desktop\\Hireflow\\backend\\src\\app.js","statementMap":{"0":{"start":{"line":21,"column":6},"end":{"line":21,"column":null}},"1":{"start":{"line":23,"column":0},"end":{"line":23,"column":null}},"2":{"start":{"line":25,"column":0},"end":{"line":30,"column":null}},"3":{"start":{"line":32,"column":0},"end":{"line":39,"column":null}},"4":{"start":{"line":41,"column":0},"end":{"line":45,"column":null}},"5":{"start":{"line":47,"column":0},"end":{"line":52,"column":null}},"6":{"start":{"line":54,"column":0},"end":{"line":56,"column":null}},"7":{"start":{"line":58,"column":0},"end":{"line":58,"column":null}},"8":{"start":{"line":71,"column":0},"end":{"line":82,"column":null}},"9":{"start":{"line":72,"column":2},"end":{"line":81,"column":null}},"10":{"start":{"line":84,"column":0},"end":{"line":91,"column":null}},"11":{"start":{"line":93,"column":0},"end":{"line":95,"column":null}},"12":{"start":{"line":94,"column":2},"end":{"line":94,"column":null}},"13":{"start":{"line":97,"column":0},"end":{"line":97,"column":null}},"14":{"start":{"line":98,"column":0},"end":{"line":98,"column":null}},"15":{"start":{"line":99,"column":0},"end":{"line":99,"column":null}},"16":{"start":{"line":100,"column":0},"end":{"line":100,"column":null}},"17":{"start":{"line":101,"column":0},"end":{"line":101,"column":null}},"18":{"start":{"line":102,"column":0},"end":{"line":102,"column":null}},"19":{"start":{"line":104,"column":0},"end":{"line":104,"column":null}},"20":{"start":{"line":105,"column":0},"end":{"line":105,"column":null}}},"fnMap":{"0":{"name":"(anonymous_0)","decl":{"start":{"line":71,"column":8},"end":{"line":71,"column":27}},"loc":{"start":{"line":71,"column":40},"end":{"line":82,"column":1}},"line":71},"1":{"name":"(anonymous_1)","decl":{"start":{"line":93,"column":8},"end":{"line":93,"column":27}},"loc":{"start":{"line":93,"column":40},"end":{"line":95,"column":1}},"line":93}},"branchMap":{"0":{"loc":{"start":{"line":27,"column":4},"end":{"line":28,"column":null}},"type":"cond-expr","locations":[{"start":{"line":28,"column":46},"end":{"line":28,"column":58}},{"start":{"line":28,"column":58},"end":{"line":28,"column":null}}],"line":27},"1":{"loc":{"start":{"line":54,"column":4},"end":{"line":55,"column":null}},"type":"cond-expr","locations":[{"start":{"line":55,"column":27},"end":{"line":55,"column":63}},{"start":{"line":55,"column":59},"end":{"line":55,"column":null}}],"line":54}},"s":{"0":7,"1":7,"2":7,"3":7,"4":7,"5":7,"6":7,"7":7,"8":7,"9":1,"10":7,"11":7,"12":0,"13":7,"14":7,"15":7,"16":7,"17":7,"18":7,"19":7,"20":7},"f":{"0":1,"1":0},"b":{"0":[0,7],"1":[0,7]},"meta":{"lastBranch":2,"lastFunction":2,"lastStatement":21,"seen":{"s:21:6:21:Infinity":0,"s:23:0:23:Infinity":1,"s:25:0:30:Infinity":2,"b:28:46:28:58:28:58:28:Infinity":0,"s:32:0:39:Infinity":3,"s:41:0:45:Infinity":4,"s:47:0:52:Infinity":5,"s:54:0:56:Infinity":6,"b:55:27:55:63:55:59:55:Infinity":1,"s:58:0:58:Infinity":7,"s:71:0:82:Infinity":8,"f:71:8:71:27":0,"s:72:2:81:Infinity":9,"s:84:0:91:Infinity":10,"s:93:0:95:Infinity":11,"f:93:8:93:27":1,"s:94:2:94:Infinity":12,"s:97:0:97:Infinity":13,"s:98:0:98:Infinity":14,"s:99:0:99:Infinity":15,"s:100:0:100:Infinity":16,"s:101:0:101:Infinity":17,"s:102:0:102:Infinity":18,"s:104:0:104:Infinity":19,"s:105:0:105:Infinity":20},"fnNames":{}}}
,"C:\\Users\\com\\OneDrive\\Desktop\\Hireflow\\backend\\src\\config\\cloudinary.js": {"path":"C:\\Users\\com\\OneDrive\\Desktop\\Hireflow\\backend\\src\\config\\cloudinary.js","statementMap":{"0":{"start":{"line":3,"column":0},"end":{"line":7,"column":3}}},"fnMap":{},"branchMap":{},"s":{"0":7},"f":{},"b":{},"meta":{"lastBranch":0,"lastFunction":0,"lastStatement":1,"seen":{"s:3:0:7:3":0},"fnNames":{}}}
,"C:\\Users\\com\\OneDrive\\Desktop\\Hireflow\\backend\\src\\config\\constants.js": {"path":"C:\\Users\\com\\OneDrive\\Desktop\\Hireflow\\backend\\src\\config\\constants.js","statementMap":{"0":{"start":{"line":1,"column":21},"end":{"line":5,"column":2}},"1":{"start":{"line":7,"column":34},"end":{"line":14,"column":2}},"2":{"start":{"line":16,"column":26},"end":{"line":19,"column":2}},"3":{"start":{"line":21,"column":31},"end":{"line":26,"column":2}},"4":{"start":{"line":28,"column":30},"end":{"line":32,"column":2}},"5":{"start":{"line":34,"column":32},"end":{"line":39,"column":2}},"6":{"start":{"line":41,"column":28},"end":{"line":48,"column":2}}},"fnMap":{},"branchMap":{},"s":{"0":7,"1":7,"2":7,"3":7,"4":7,"5":7,"6":7},"f":{},"b":{},"meta":{"lastBranch":0,"lastFunction":0,"lastStatement":7,"seen":{"s:1:21:5:2":0,"s:7:34:14:2":1,"s:16:26:19:2":2,"s:21:31:26:2":3,"s:28:30:32:2":4,"s:34:32:39:2":5,"s:41:28:48:2":6},"fnNames":{}}}
,"C:\\Users\\com\\OneDrive\\Desktop\\Hireflow\\backend\\src\\config\\swagger.js": {"path":"C:\\Users\\com\\OneDrive\\Desktop\\Hireflow\\backend\\src\\config\\swagger.js","statementMap":{"0":{"start":{"line":3,"column":26},"end":{"line":97,"column":1}},"1":{"start":{"line":99,"column":19},"end":{"line":103,"column":2}}},"fnMap":{},"branchMap":{"0":{"loc":{"start":{"line":15,"column":11},"end":{"line":15,"column":62}},"type":"binary-expr","locations":[{"start":{"line":15,"column":11},"end":{"line":15,"column":35}},{"start":{"line":15,"column":39},"end":{"line":15,"column":62}}],"line":15}},"s":{"0":7,"1":7},"f":{},"b":{"0":[7,0]},"meta":{"lastBranch":1,"lastFunction":0,"lastStatement":2,"seen":{"s:3:26:97:1":0,"b:15:11:15:35:15:39:15:62":0,"s:99:19:103:2":1},"fnNames":{}}}
,"C:\\Users\\com\\OneDrive\\Desktop\\Hireflow\\backend\\src\\modules\\analytics\\analytics.controller.js": {"path":"C:\\Users\\com\\OneDrive\\Desktop\\Hireflow\\backend\\src\\modules\\analytics\\analytics.controller.js","statementMap":{"0":{"start":{"line":6,"column":26},"end":{"line":17,"column":2}},"1":{"start":{"line":7,"column":17},"end":{"line":10,"column":3}},"2":{"start":{"line":12,"column":2},"end":{"line":16,"column":6}},"3":{"start":{"line":19,"column":23},"end":{"line":28,"column":2}},"4":{"start":{"line":20,"column":17},"end":{"line":23,"column":3}},"5":{"start":{"line":25,"column":2},"end":{"line":27,"column":78}},"6":{"start":{"line":30,"column":18},"end":{"line":40,"column":2}},"7":{"start":{"line":31,"column":15},"end":{"line":35,"column":3}},"8":{"start":{"line":37,"column":2},"end":{"line":39,"column":71}},"9":{"start":{"line":42,"column":28},"end":{"line":50,"column":2}},"10":{"start":{"line":43,"column":17},"end":{"line":43,"column":73}},"11":{"start":{"line":45,"column":2},"end":{"line":49,"column":6}}},"fnMap":{"0":{"name":"(anonymous_0)","decl":{"start":{"line":6,"column":40},"end":{"line":6,"column":45}},"loc":{"start":{"line":6,"column":60},"end":{"line":17,"column":1}},"line":6},"1":{"name":"(anonymous_1)","decl":{"start":{"line":19,"column":37},"end":{"line":19,"column":42}},"loc":{"start":{"line":19,"column":57},"end":{"line":28,"column":1}},"line":19},"2":{"name":"(anonymous_2)","decl":{"start":{"line":30,"column":32},"end":{"line":30,"column":37}},"loc":{"start":{"line":30,"column":52},"end":{"line":40,"column":1}},"line":30},"3":{"name":"(anonymous_3)","decl":{"start":{"line":42,"column":42},"end":{"line":42,"column":47}},"loc":{"start":{"line":42,"column":62},"end":{"line":50,"column":1}},"line":42}},"branchMap":{},"s":{"0":7,"1":1,"2":1,"3":7,"4":0,"5":0,"6":7,"7":0,"8":0,"9":7,"10":1,"11":1},"f":{"0":1,"1":0,"2":0,"3":1},"b":{},"meta":{"lastBranch":0,"lastFunction":4,"lastStatement":12,"seen":{"s:6:26:17:2":0,"f:6:40:6:45":0,"s:7:17:10:3":1,"s:12:2:16:6":2,"s:19:23:28:2":3,"f:19:37:19:42":1,"s:20:17:23:3":4,"s:25:2:27:78":5,"s:30:18:40:2":6,"f:30:32:30:37":2,"s:31:15:35:3":7,"s:37:2:39:71":8,"s:42:28:50:2":9,"f:42:42:42:47":3,"s:43:17:43:73":10,"s:45:2:49:6":11},"fnNames":{}}}
,"C:\\Users\\com\\OneDrive\\Desktop\\Hireflow\\backend\\src\\modules\\analytics\\analytics.routes.js": {"path":"C:\\Users\\com\\OneDrive\\Desktop\\Hireflow\\backend\\src\\modules\\analytics\\analytics.routes.js","statementMap":{"0":{"start":{"line":15,"column":15},"end":{"line":15,"column":31}},"1":{"start":{"line":32,"column":0},"end":{"line":37,"column":2}},"2":{"start":{"line":52,"column":0},"end":{"line":57,"column":2}},"3":{"start":{"line":79,"column":0},"end":{"line":84,"column":2}},"4":{"start":{"line":103,"column":0},"end":{"line":108,"column":2}}},"fnMap":{},"branchMap":{},"s":{"0":7,"1":7,"2":7,"3":7,"4":7},"f":{},"b":{},"meta":{"lastBranch":0,"lastFunction":0,"lastStatement":5,"seen":{"s:15:15:15:31":0,"s:32:0:37:2":1,"s:52:0:57:2":2,"s:79:0:84:2":3,"s:103:0:108:2":4},"fnNames":{}}}
,"C:\\Users\\com\\OneDrive\\Desktop\\Hireflow\\backend\\src\\modules\\analytics\\analytics.service.js": {"path":"C:\\Users\\com\\OneDrive\\Desktop\\Hireflow\\backend\\src\\modules\\analytics\\analytics.service.js","statementMap":{"0":{"start":{"line":17,"column":24},"end":{"line":50,"column":1}},"1":{"start":{"line":18,"column":2},"end":{"line":28,"column":3}},"2":{"start":{"line":19,"column":20},"end":{"line":21,"column":6}},"3":{"start":{"line":23,"column":4},"end":{"line":25,"column":5}},"4":{"start":{"line":24,"column":6},"end":{"line":24,"column":59}},"5":{"start":{"line":27,"column":4},"end":{"line":27,"column":19}},"6":{"start":{"line":30,"column":2},"end":{"line":47,"column":3}},"7":{"start":{"line":31,"column":22},"end":{"line":34,"column":6}},"8":{"start":{"line":36,"column":4},"end":{"line":38,"column":5}},"9":{"start":{"line":37,"column":6},"end":{"line":37,"column":68}},"10":{"start":{"line":40,"column":20},"end":{"line":40,"column":63}},"11":{"start":{"line":42,"column":4},"end":{"line":44,"column":5}},"12":{"start":{"line":43,"column":6},"end":{"line":43,"column":59}},"13":{"start":{"line":46,"column":4},"end":{"line":46,"column":19}},"14":{"start":{"line":49,"column":2},"end":{"line":49,"column":77}},"15":{"start":{"line":52,"column":27},"end":{"line":212,"column":1}},"16":{"start":{"line":53,"column":18},"end":{"line":53,"column":53}},"17":{"start":{"line":56,"column":4},"end":{"line":185,"column":6}},"18":{"start":{"line":187,"column":2},"end":{"line":211,"column":4}},"19":{"start":{"line":214,"column":24},"end":{"line":258,"column":1}},"20":{"start":{"line":215,"column":18},"end":{"line":215,"column":53}},"21":{"start":{"line":217,"column":26},"end":{"line":238,"column":4}},"22":{"start":{"line":240,"column":19},"end":{"line":242,"column":3}},"23":{"start":{"line":241,"column":34},"end":{"line":241,"column":59}},"24":{"start":{"line":244,"column":17},"end":{"line":247,"column":5}},"25":{"start":{"line":244,"column":68},"end":{"line":247,"column":3}},"26":{"start":{"line":249,"column":28},"end":{"line":252,"column":3}},"27":{"start":{"line":250,"column":21},"end":{"line":250,"column":39}},"28":{"start":{"line":254,"column":2},"end":{"line":257,"column":4}},"29":{"start":{"line":260,"column":19},"end":{"line":330,"column":1}},"30":{"start":{"line":261,"column":18},"end":{"line":261,"column":53}},"31":{"start":{"line":263,"column":22},"end":{"line":263,"column":44}},"32":{"start":{"line":266,"column":4},"end":{"line":268,"column":9}},"33":{"start":{"line":270,"column":15},"end":{"line":327,"column":4}},"34":{"start":{"line":329,"column":2},"end":{"line":329,"column":14}},"35":{"start":{"line":332,"column":29},"end":{"line":435,"column":1}},"36":{"start":{"line":333,"column":20},"end":{"line":335,"column":11}},"37":{"start":{"line":337,"column":2},"end":{"line":339,"column":3}},"38":{"start":{"line":338,"column":4},"end":{"line":338,"column":59}},"39":{"start":{"line":341,"column":26},"end":{"line":341,"column":61}},"40":{"start":{"line":343,"column":46},"end":{"line":384,"column":4}},"41":{"start":{"line":386,"column":19},"end":{"line":388,"column":3}},"42":{"start":{"line":387,"column":32},"end":{"line":387,"column":57}},"43":{"start":{"line":390,"column":31},"end":{"line":395,"column":3}},"44":{"start":{"line":391,"column":17},"end":{"line":394,"column":5}},"45":{"start":{"line":397,"column":28},"end":{"line":400,"column":3}},"46":{"start":{"line":398,"column":21},"end":{"line":398,"column":39}},"47":{"start":{"line":402,"column":24},"end":{"line":413,"column":3}},"48":{"start":{"line":415,"column":26},"end":{"line":415,"column":62}},"49":{"start":{"line":417,"column":38},"end":{"line":419,"column":3}},"50":{"start":{"line":421,"column":2},"end":{"line":434,"column":4}}},"fnMap":{"0":{"name":"(anonymous_0)","decl":{"start":{"line":17,"column":24},"end":{"line":17,"column":29}},"loc":{"start":{"line":17,"column":48},"end":{"line":50,"column":1}},"line":17},"1":{"name":"(anonymous_1)","decl":{"start":{"line":52,"column":27},"end":{"line":52,"column":32}},"loc":{"start":{"line":52,"column":51},"end":{"line":212,"column":1}},"line":52},"2":{"name":"(anonymous_2)","decl":{"start":{"line":214,"column":24},"end":{"line":214,"column":29}},"loc":{"start":{"line":214,"column":48},"end":{"line":258,"column":1}},"line":214},"3":{"name":"(anonymous_3)","decl":{"start":{"line":241,"column":24},"end":{"line":241,"column":25}},"loc":{"start":{"line":241,"column":34},"end":{"line":241,"column":59}},"line":241},"4":{"name":"(anonymous_4)","decl":{"start":{"line":244,"column":55},"end":{"line":244,"column":56}},"loc":{"start":{"line":244,"column":68},"end":{"line":247,"column":3}},"line":244},"5":{"name":"(anonymous_5)","decl":{"start":{"line":250,"column":4},"end":{"line":250,"column":5}},"loc":{"start":{"line":250,"column":21},"end":{"line":250,"column":39}},"line":250},"6":{"name":"(anonymous_6)","decl":{"start":{"line":260,"column":19},"end":{"line":260,"column":24}},"loc":{"start":{"line":260,"column":59},"end":{"line":330,"column":1}},"line":260},"7":{"name":"(anonymous_7)","decl":{"start":{"line":332,"column":29},"end":{"line":332,"column":34}},"loc":{"start":{"line":332,"column":47},"end":{"line":435,"column":1}},"line":332},"8":{"name":"(anonymous_8)","decl":{"start":{"line":387,"column":22},"end":{"line":387,"column":23}},"loc":{"start":{"line":387,"column":32},"end":{"line":387,"column":57}},"line":387},"9":{"name":"(anonymous_9)","decl":{"start":{"line":391,"column":4},"end":{"line":391,"column":5}},"loc":{"start":{"line":391,"column":17},"end":{"line":394,"column":5}},"line":391},"10":{"name":"(anonymous_10)","decl":{"start":{"line":398,"column":4},"end":{"line":398,"column":5}},"loc":{"start":{"line":398,"column":21},"end":{"line":398,"column":39}},"line":398}},"branchMap":{"0":{"loc":{"start":{"line":18,"column":2},"end":{"line":28,"column":3}},"type":"if","locations":[{"start":{"line":18,"column":2},"end":{"line":28,"column":3}},{"start":{},"end":{}}],"line":18},"1":{"loc":{"start":{"line":23,"column":4},"end":{"line":25,"column":5}},"type":"if","locations":[{"start":{"line":23,"column":4},"end":{"line":25,"column":5}},{"start":{},"end":{}}],"line":23},"2":{"loc":{"start":{"line":30,"column":2},"end":{"line":47,"column":3}},"type":"if","locations":[{"start":{"line":30,"column":2},"end":{"line":47,"column":3}},{"start":{},"end":{}}],"line":30},"3":{"loc":{"start":{"line":36,"column":4},"end":{"line":38,"column":5}},"type":"if","locations":[{"start":{"line":36,"column":4},"end":{"line":38,"column":5}},{"start":{},"end":{}}],"line":36},"4":{"loc":{"start":{"line":42,"column":4},"end":{"line":44,"column":5}},"type":"if","locations":[{"start":{"line":42,"column":4},"end":{"line":44,"column":5}},{"start":{},"end":{}}],"line":42},"5":{"loc":{"start":{"line":193,"column":10},"end":{"line":197,"column":5}},"type":"binary-expr","locations":[{"start":{"line":193,"column":10},"end":{"line":193,"column":23}},{"start":{"line":193,"column":27},"end":{"line":197,"column":5}}],"line":193},"6":{"loc":{"start":{"line":199,"column":18},"end":{"line":204,"column":5}},"type":"binary-expr","locations":[{"start":{"line":199,"column":18},"end":{"line":199,"column":39}},{"start":{"line":199,"column":43},"end":{"line":204,"column":5}}],"line":199},"7":{"loc":{"start":{"line":246,"column":11},"end":{"line":246,"column":32}},"type":"binary-expr","locations":[{"start":{"line":246,"column":11},"end":{"line":246,"column":27}},{"start":{"line":246,"column":31},"end":{"line":246,"column":32}}],"line":246},"8":{"loc":{"start":{"line":266,"column":4},"end":{"line":268,"column":9}},"type":"cond-expr","locations":[{"start":{"line":267,"column":8},"end":{"line":267,"column":33}},{"start":{"line":268,"column":8},"end":{"line":268,"column":9}}],"line":266},"9":{"loc":{"start":{"line":266,"column":4},"end":{"line":266,"column":52}},"type":"binary-expr","locations":[{"start":{"line":266,"column":4},"end":{"line":266,"column":33}},{"start":{"line":266,"column":37},"end":{"line":266,"column":52}}],"line":266},"10":{"loc":{"start":{"line":337,"column":2},"end":{"line":339,"column":3}},"type":"if","locations":[{"start":{"line":337,"column":2},"end":{"line":339,"column":3}},{"start":{},"end":{}}],"line":337},"11":{"loc":{"start":{"line":393,"column":13},"end":{"line":393,"column":34}},"type":"binary-expr","locations":[{"start":{"line":393,"column":13},"end":{"line":393,"column":29}},{"start":{"line":393,"column":33},"end":{"line":393,"column":34}}],"line":393}},"s":{"0":7,"1":1,"2":1,"3":1,"4":0,"5":1,"6":0,"7":0,"8":0,"9":0,"10":0,"11":0,"12":0,"13":0,"14":0,"15":7,"16":1,"17":1,"18":1,"19":7,"20":0,"21":0,"22":0,"23":0,"24":0,"25":0,"26":0,"27":0,"28":0,"29":7,"30":0,"31":0,"32":0,"33":0,"34":0,"35":7,"36":1,"37":1,"38":0,"39":1,"40":1,"41":1,"42":1,"43":1,"44":6,"45":1,"46":6,"47":1,"48":1,"49":1,"50":1},"f":{"0":1,"1":1,"2":0,"3":0,"4":0,"5":0,"6":0,"7":1,"8":1,"9":6,"10":6},"b":{"0":[1,0],"1":[0,1],"2":[0,0],"3":[0,0],"4":[0,0],"5":[1,0],"6":[1,0],"7":[0,0],"8":[0,0],"9":[0,0],"10":[0,1],"11":[6,5]},"meta":{"lastBranch":12,"lastFunction":11,"lastStatement":51,"seen":{"s:17:24:50:1":0,"f:17:24:17:29":0,"b:18:2:28:3:undefined:undefined:undefined:undefined":0,"s:18:2:28:3":1,"s:19:20:21:6":2,"b:23:4:25:5:undefined:undefined:undefined:undefined":1,"s:23:4:25:5":3,"s:24:6:24:59":4,"s:27:4:27:19":5,"b:30:2:47:3:undefined:undefined:undefined:undefined":2,"s:30:2:47:3":6,"s:31:22:34:6":7,"b:36:4:38:5:undefined:undefined:undefined:undefined":3,"s:36:4:38:5":8,"s:37:6:37:68":9,"s:40:20:40:63":10,"b:42:4:44:5:undefined:undefined:undefined:undefined":4,"s:42:4:44:5":11,"s:43:6:43:59":12,"s:46:4:46:19":13,"s:49:2:49:77":14,"s:52:27:212:1":15,"f:52:27:52:32":1,"s:53:18:53:53":16,"s:56:4:185:6":17,"s:187:2:211:4":18,"b:193:10:193:23:193:27:197:5":5,"b:199:18:199:39:199:43:204:5":6,"s:214:24:258:1":19,"f:214:24:214:29":2,"s:215:18:215:53":20,"s:217:26:238:4":21,"s:240:19:242:3":22,"f:241:24:241:25":3,"s:241:34:241:59":23,"s:244:17:247:5":24,"f:244:55:244:56":4,"s:244:68:247:3":25,"b:246:11:246:27:246:31:246:32":7,"s:249:28:252:3":26,"f:250:4:250:5":5,"s:250:21:250:39":27,"s:254:2:257:4":28,"s:260:19:330:1":29,"f:260:19:260:24":6,"s:261:18:261:53":30,"s:263:22:263:44":31,"s:266:4:268:9":32,"b:267:8:267:33:268:8:268:9":8,"b:266:4:266:33:266:37:266:52":9,"s:270:15:327:4":33,"s:329:2:329:14":34,"s:332:29:435:1":35,"f:332:29:332:34":7,"s:333:20:335:11":36,"b:337:2:339:3:undefined:undefined:undefined:undefined":10,"s:337:2:339:3":37,"s:338:4:338:59":38,"s:341:26:341:61":39,"s:343:46:384:4":40,"s:386:19:388:3":41,"f:387:22:387:23":8,"s:387:32:387:57":42,"s:390:31:395:3":43,"f:391:4:391:5":9,"s:391:17:394:5":44,"b:393:13:393:29:393:33:393:34":11,"s:397:28:400:3":45,"f:398:4:398:5":10,"s:398:21:398:39":46,"s:402:24:413:3":47,"s:415:26:415:62":48,"s:417:38:419:3":49,"s:421:2:434:4":50},"fnNames":{}}}
,"C:\\Users\\com\\OneDrive\\Desktop\\Hireflow\\backend\\src\\modules\\application\\application.controller.js": {"path":"C:\\Users\\com\\OneDrive\\Desktop\\Hireflow\\backend\\src\\modules\\application\\application.controller.js","statementMap":{"0":{"start":{"line":6,"column":18},"end":{"line":16,"column":2}},"1":{"start":{"line":7,"column":17},"end":{"line":11,"column":3}},"2":{"start":{"line":13,"column":2},"end":{"line":15,"column":68}},"3":{"start":{"line":18,"column":26},"end":{"line":27,"column":2}},"4":{"start":{"line":19,"column":17},"end":{"line":22,"column":3}},"5":{"start":{"line":24,"column":2},"end":{"line":26,"column":77}},"6":{"start":{"line":29,"column":31},"end":{"line":41,"column":2}},"7":{"start":{"line":30,"column":17},"end":{"line":34,"column":3}},"8":{"start":{"line":36,"column":2},"end":{"line":40,"column":6}},"9":{"start":{"line":43,"column":31},"end":{"line":54,"column":2}},"10":{"start":{"line":44,"column":17},"end":{"line":49,"column":3}},"11":{"start":{"line":51,"column":2},"end":{"line":53,"column":68}}},"fnMap":{"0":{"name":"(anonymous_0)","decl":{"start":{"line":6,"column":32},"end":{"line":6,"column":37}},"loc":{"start":{"line":6,"column":52},"end":{"line":16,"column":1}},"line":6},"1":{"name":"(anonymous_1)","decl":{"start":{"line":18,"column":40},"end":{"line":18,"column":45}},"loc":{"start":{"line":18,"column":60},"end":{"line":27,"column":1}},"line":18},"2":{"name":"(anonymous_2)","decl":{"start":{"line":29,"column":45},"end":{"line":29,"column":50}},"loc":{"start":{"line":29,"column":65},"end":{"line":41,"column":1}},"line":29},"3":{"name":"(anonymous_3)","decl":{"start":{"line":43,"column":45},"end":{"line":43,"column":50}},"loc":{"start":{"line":43,"column":65},"end":{"line":54,"column":1}},"line":43}},"branchMap":{},"s":{"0":7,"1":6,"2":5,"3":7,"4":1,"5":1,"6":7,"7":0,"8":0,"9":7,"10":5,"11":4},"f":{"0":6,"1":1,"2":0,"3":5},"b":{},"meta":{"lastBranch":0,"lastFunction":4,"lastStatement":12,"seen":{"s:6:18:16:2":0,"f:6:32:6:37":0,"s:7:17:11:3":1,"s:13:2:15:68":2,"s:18:26:27:2":3,"f:18:40:18:45":1,"s:19:17:22:3":4,"s:24:2:26:77":5,"s:29:31:41:2":6,"f:29:45:29:50":2,"s:30:17:34:3":7,"s:36:2:40:6":8,"s:43:31:54:2":9,"f:43:45:43:50":3,"s:44:17:49:3":10,"s:51:2:53:68":11},"fnNames":{}}}
,"C:\\Users\\com\\OneDrive\\Desktop\\Hireflow\\backend\\src\\modules\\application\\application.model.js": {"path":"C:\\Users\\com\\OneDrive\\Desktop\\Hireflow\\backend\\src\\modules\\application\\application.model.js","statementMap":{"0":{"start":{"line":5,"column":28},"end":{"line":27,"column":1}},"1":{"start":{"line":29,"column":26},"end":{"line":98,"column":1}},"2":{"start":{"line":100,"column":0},"end":{"line":108,"column":2}},"3":{"start":{"line":110,"column":0},"end":{"line":114,"column":3}},"4":{"start":{"line":116,"column":0},"end":{"line":119,"column":3}},"5":{"start":{"line":121,"column":20},"end":{"line":121,"column":68}}},"fnMap":{},"branchMap":{},"s":{"0":7,"1":7,"2":7,"3":7,"4":7,"5":7},"f":{},"b":{},"meta":{"lastBranch":0,"lastFunction":0,"lastStatement":6,"seen":{"s:5:28:27:1":0,"s:29:26:98:1":1,"s:100:0:108:2":2,"s:110:0:114:3":3,"s:116:0:119:3":4,"s:121:20:121:68":5},"fnNames":{}}}
,"C:\\Users\\com\\OneDrive\\Desktop\\Hireflow\\backend\\src\\modules\\application\\application.routes.js": {"path":"C:\\Users\\com\\OneDrive\\Desktop\\Hireflow\\backend\\src\\modules\\application\\application.routes.js","statementMap":{"0":{"start":{"line":21,"column":15},"end":{"line":21,"column":31}},"1":{"start":{"line":59,"column":0},"end":{"line":65,"column":2}},"2":{"start":{"line":95,"column":0},"end":{"line":95,"column":80}},"3":{"start":{"line":138,"column":0},"end":{"line":143,"column":2}},"4":{"start":{"line":188,"column":0},"end":{"line":194,"column":2}}},"fnMap":{},"branchMap":{},"s":{"0":7,"1":7,"2":7,"3":7,"4":7},"f":{},"b":{},"meta":{"lastBranch":0,"lastFunction":0,"lastStatement":5,"seen":{"s:21:15:21:31":0,"s:59:0:65:2":1,"s:95:0:95:80":2,"s:138:0:143:2":3,"s:188:0:194:2":4},"fnNames":{}}}
,"C:\\Users\\com\\OneDrive\\Desktop\\Hireflow\\backend\\src\\modules\\application\\application.service.js": {"path":"C:\\Users\\com\\OneDrive\\Desktop\\Hireflow\\backend\\src\\modules\\application\\application.service.js","statementMap":{"0":{"start":{"line":17,"column":21},"end":{"line":17,"column":22}},"1":{"start":{"line":18,"column":22},"end":{"line":18,"column":24}},"2":{"start":{"line":19,"column":18},"end":{"line":19,"column":20}},"3":{"start":{"line":21,"column":27},"end":{"line":44,"column":1}},"4":{"start":{"line":46,"column":28},"end":{"line":65,"column":1}},"5":{"start":{"line":47,"column":24},"end":{"line":47,"column":42}},"6":{"start":{"line":48,"column":25},"end":{"line":48,"column":44}},"7":{"start":{"line":51,"column":4},"end":{"line":53,"column":20}},"8":{"start":{"line":56,"column":4},"end":{"line":58,"column":21}},"9":{"start":{"line":60,"column":2},"end":{"line":64,"column":4}},"10":{"start":{"line":67,"column":24},"end":{"line":100,"column":1}},"11":{"start":{"line":68,"column":2},"end":{"line":78,"column":3}},"12":{"start":{"line":69,"column":20},"end":{"line":71,"column":6}},"13":{"start":{"line":73,"column":4},"end":{"line":75,"column":5}},"14":{"start":{"line":74,"column":6},"end":{"line":74,"column":59}},"15":{"start":{"line":77,"column":4},"end":{"line":77,"column":19}},"16":{"start":{"line":80,"column":2},"end":{"line":97,"column":3}},"17":{"start":{"line":81,"column":22},"end":{"line":84,"column":6}},"18":{"start":{"line":86,"column":4},"end":{"line":88,"column":5}},"19":{"start":{"line":87,"column":6},"end":{"line":87,"column":68}},"20":{"start":{"line":90,"column":20},"end":{"line":90,"column":63}},"21":{"start":{"line":92,"column":4},"end":{"line":94,"column":5}},"22":{"start":{"line":93,"column":6},"end":{"line":93,"column":59}},"23":{"start":{"line":96,"column":4},"end":{"line":96,"column":19}},"24":{"start":{"line":99,"column":2},"end":{"line":99,"column":72}},"25":{"start":{"line":102,"column":19},"end":{"line":165,"column":1}},"26":{"start":{"line":103,"column":2},"end":{"line":105,"column":3}},"27":{"start":{"line":104,"column":4},"end":{"line":104,"column":46}},"28":{"start":{"line":107,"column":20},"end":{"line":109,"column":4}},"29":{"start":{"line":111,"column":2},"end":{"line":113,"column":3}},"30":{"start":{"line":112,"column":4},"end":{"line":112,"column":79}},"31":{"start":{"line":115,"column":2},"end":{"line":117,"column":3}},"32":{"start":{"line":116,"column":4},"end":{"line":116,"column":70}},"33":{"start":{"line":119,"column":14},"end":{"line":122,"column":4}},"34":{"start":{"line":124,"column":2},"end":{"line":126,"column":3}},"35":{"start":{"line":125,"column":4},"end":{"line":125,"column":50}},"36":{"start":{"line":128,"column":30},"end":{"line":131,"column":4}},"37":{"start":{"line":133,"column":2},"end":{"line":135,"column":3}},"38":{"start":{"line":134,"column":4},"end":{"line":134,"column":68}},"39":{"start":{"line":137,"column":2},"end":{"line":164,"column":3}},"40":{"start":{"line":138,"column":24},"end":{"line":152,"column":6}},"41":{"start":{"line":154,"column":4},"end":{"line":157,"column":6}},"42":{"start":{"line":159,"column":4},"end":{"line":161,"column":5}},"43":{"start":{"line":160,"column":6},"end":{"line":160,"column":70}},"44":{"start":{"line":163,"column":4},"end":{"line":163,"column":16}},"45":{"start":{"line":167,"column":27},"end":{"line":214,"column":1}},"46":{"start":{"line":168,"column":32},"end":{"line":168,"column":58}},"47":{"start":{"line":170,"column":18},"end":{"line":172,"column":3}},"48":{"start":{"line":174,"column":2},"end":{"line":180,"column":3}},"49":{"start":{"line":175,"column":4},"end":{"line":177,"column":5}},"50":{"start":{"line":176,"column":6},"end":{"line":176,"column":60}},"51":{"start":{"line":179,"column":4},"end":{"line":179,"column":34}},"52":{"start":{"line":182,"column":32},"end":{"line":201,"column":4}},"53":{"start":{"line":203,"column":2},"end":{"line":213,"column":4}},"54":{"start":{"line":216,"column":32},"end":{"line":283,"column":1}},"55":{"start":{"line":217,"column":18},"end":{"line":217,"column":53}},"56":{"start":{"line":219,"column":32},"end":{"line":219,"column":58}},"57":{"start":{"line":221,"column":18},"end":{"line":223,"column":3}},"58":{"start":{"line":225,"column":2},"end":{"line":231,"column":3}},"59":{"start":{"line":226,"column":4},"end":{"line":228,"column":5}},"60":{"start":{"line":227,"column":6},"end":{"line":227,"column":48}},"61":{"start":{"line":230,"column":4},"end":{"line":230,"column":32}},"62":{"start":{"line":233,"column":2},"end":{"line":239,"column":3}},"63":{"start":{"line":234,"column":4},"end":{"line":236,"column":5}},"64":{"start":{"line":235,"column":6},"end":{"line":235,"column":60}},"65":{"start":{"line":238,"column":4},"end":{"line":238,"column":34}},"66":{"start":{"line":241,"column":20},"end":{"line":241,"column":50}},"67":{"start":{"line":243,"column":32},"end":{"line":270,"column":4}},"68":{"start":{"line":272,"column":2},"end":{"line":282,"column":4}},"69":{"start":{"line":285,"column":32},"end":{"line":333,"column":1}},"70":{"start":{"line":291,"column":2},"end":{"line":293,"column":3}},"71":{"start":{"line":292,"column":4},"end":{"line":292,"column":54}},"72":{"start":{"line":295,"column":18},"end":{"line":295,"column":53}},"73":{"start":{"line":297,"column":22},"end":{"line":300,"column":4}},"74":{"start":{"line":302,"column":2},"end":{"line":304,"column":3}},"75":{"start":{"line":303,"column":4},"end":{"line":303,"column":53}},"76":{"start":{"line":306,"column":2},"end":{"line":308,"column":3}},"77":{"start":{"line":307,"column":4},"end":{"line":307,"column":67}},"78":{"start":{"line":310,"column":30},"end":{"line":310,"column":74}},"79":{"start":{"line":312,"column":2},"end":{"line":317,"column":3}},"80":{"start":{"line":313,"column":4},"end":{"line":316,"column":6}},"81":{"start":{"line":319,"column":2},"end":{"line":319,"column":34}},"82":{"start":{"line":320,"column":2},"end":{"line":320,"column":34}},"83":{"start":{"line":322,"column":2},"end":{"line":325,"column":5}},"84":{"start":{"line":327,"column":2},"end":{"line":327,"column":27}},"85":{"start":{"line":329,"column":2},"end":{"line":332,"column":4}}},"fnMap":{"0":{"name":"(anonymous_0)","decl":{"start":{"line":46,"column":28},"end":{"line":46,"column":29}},"loc":{"start":{"line":46,"column":39},"end":{"line":65,"column":1}},"line":46},"1":{"name":"(anonymous_1)","decl":{"start":{"line":67,"column":24},"end":{"line":67,"column":29}},"loc":{"start":{"line":67,"column":48},"end":{"line":100,"column":1}},"line":67},"2":{"name":"(anonymous_2)","decl":{"start":{"line":102,"column":19},"end":{"line":102,"column":24}},"loc":{"start":{"line":102,"column":70},"end":{"line":165,"column":1}},"line":102},"3":{"name":"(anonymous_3)","decl":{"start":{"line":167,"column":27},"end":{"line":167,"column":32}},"loc":{"start":{"line":167,"column":61},"end":{"line":214,"column":1}},"line":167},"4":{"name":"(anonymous_4)","decl":{"start":{"line":216,"column":32},"end":{"line":216,"column":37}},"loc":{"start":{"line":216,"column":63},"end":{"line":283,"column":1}},"line":216},"5":{"name":"(anonymous_5)","decl":{"start":{"line":285,"column":32},"end":{"line":285,"column":37}},"loc":{"start":{"line":290,"column":5},"end":{"line":333,"column":1}},"line":290}},"branchMap":{"0":{"loc":{"start":{"line":51,"column":4},"end":{"line":53,"column":20}},"type":"cond-expr","locations":[{"start":{"line":52,"column":8},"end":{"line":52,"column":21}},{"start":{"line":53,"column":8},"end":{"line":53,"column":20}}],"line":51},"1":{"loc":{"start":{"line":51,"column":4},"end":{"line":51,"column":56}},"type":"binary-expr","locations":[{"start":{"line":51,"column":4},"end":{"line":51,"column":35}},{"start":{"line":51,"column":39},"end":{"line":51,"column":56}}],"line":51},"2":{"loc":{"start":{"line":56,"column":4},"end":{"line":58,"column":21}},"type":"cond-expr","locations":[{"start":{"line":57,"column":8},"end":{"line":57,"column":43}},{"start":{"line":58,"column":8},"end":{"line":58,"column":21}}],"line":56},"3":{"loc":{"start":{"line":56,"column":4},"end":{"line":56,"column":58}},"type":"binary-expr","locations":[{"start":{"line":56,"column":4},"end":{"line":56,"column":36}},{"start":{"line":56,"column":40},"end":{"line":56,"column":58}}],"line":56},"4":{"loc":{"start":{"line":68,"column":2},"end":{"line":78,"column":3}},"type":"if","locations":[{"start":{"line":68,"column":2},"end":{"line":78,"column":3}},{"start":{},"end":{}}],"line":68},"5":{"loc":{"start":{"line":73,"column":4},"end":{"line":75,"column":5}},"type":"if","locations":[{"start":{"line":73,"column":4},"end":{"line":75,"column":5}},{"start":{},"end":{}}],"line":73},"6":{"loc":{"start":{"line":80,"column":2},"end":{"line":97,"column":3}},"type":"if","locations":[{"start":{"line":80,"column":2},"end":{"line":97,"column":3}},{"start":{},"end":{}}],"line":80},"7":{"loc":{"start":{"line":86,"column":4},"end":{"line":88,"column":5}},"type":"if","locations":[{"start":{"line":86,"column":4},"end":{"line":88,"column":5}},{"start":{},"end":{}}],"line":86},"8":{"loc":{"start":{"line":92,"column":4},"end":{"line":94,"column":5}},"type":"if","locations":[{"start":{"line":92,"column":4},"end":{"line":94,"column":5}},{"start":{},"end":{}}],"line":92},"9":{"loc":{"start":{"line":103,"column":2},"end":{"line":105,"column":3}},"type":"if","locations":[{"start":{"line":103,"column":2},"end":{"line":105,"column":3}},{"start":{},"end":{}}],"line":103},"10":{"loc":{"start":{"line":111,"column":2},"end":{"line":113,"column":3}},"type":"if","locations":[{"start":{"line":111,"column":2},"end":{"line":113,"column":3}},{"start":{},"end":{}}],"line":111},"11":{"loc":{"start":{"line":115,"column":2},"end":{"line":117,"column":3}},"type":"if","locations":[{"start":{"line":115,"column":2},"end":{"line":117,"column":3}},{"start":{},"end":{}}],"line":115},"12":{"loc":{"start":{"line":124,"column":2},"end":{"line":126,"column":3}},"type":"if","locations":[{"start":{"line":124,"column":2},"end":{"line":126,"column":3}},{"start":{},"end":{}}],"line":124},"13":{"loc":{"start":{"line":133,"column":2},"end":{"line":135,"column":3}},"type":"if","locations":[{"start":{"line":133,"column":2},"end":{"line":135,"column":3}},{"start":{},"end":{}}],"line":133},"14":{"loc":{"start":{"line":159,"column":4},"end":{"line":161,"column":5}},"type":"if","locations":[{"start":{"line":159,"column":4},"end":{"line":161,"column":5}},{"start":{},"end":{}}],"line":159},"15":{"loc":{"start":{"line":174,"column":2},"end":{"line":180,"column":3}},"type":"if","locations":[{"start":{"line":174,"column":2},"end":{"line":180,"column":3}},{"start":{},"end":{}}],"line":174},"16":{"loc":{"start":{"line":175,"column":4},"end":{"line":177,"column":5}},"type":"if","locations":[{"start":{"line":175,"column":4},"end":{"line":177,"column":5}},{"start":{},"end":{}}],"line":175},"17":{"loc":{"start":{"line":225,"column":2},"end":{"line":231,"column":3}},"type":"if","locations":[{"start":{"line":225,"column":2},"end":{"line":231,"column":3}},{"start":{},"end":{}}],"line":225},"18":{"loc":{"start":{"line":226,"column":4},"end":{"line":228,"column":5}},"type":"if","locations":[{"start":{"line":226,"column":4},"end":{"line":228,"column":5}},{"start":{},"end":{}}],"line":226},"19":{"loc":{"start":{"line":233,"column":2},"end":{"line":239,"column":3}},"type":"if","locations":[{"start":{"line":233,"column":2},"end":{"line":239,"column":3}},{"start":{},"end":{}}],"line":233},"20":{"loc":{"start":{"line":234,"column":4},"end":{"line":236,"column":5}},"type":"if","locations":[{"start":{"line":234,"column":4},"end":{"line":236,"column":5}},{"start":{},"end":{}}],"line":234},"21":{"loc":{"start":{"line":241,"column":20},"end":{"line":241,"column":50}},"type":"cond-expr","locations":[{"start":{"line":241,"column":44},"end":{"line":241,"column":45}},{"start":{"line":241,"column":48},"end":{"line":241,"column":50}}],"line":241},"22":{"loc":{"start":{"line":291,"column":2},"end":{"line":293,"column":3}},"type":"if","locations":[{"start":{"line":291,"column":2},"end":{"line":293,"column":3}},{"start":{},"end":{}}],"line":291},"23":{"loc":{"start":{"line":302,"column":2},"end":{"line":304,"column":3}},"type":"if","locations":[{"start":{"line":302,"column":2},"end":{"line":304,"column":3}},{"start":{},"end":{}}],"line":302},"24":{"loc":{"start":{"line":306,"column":2},"end":{"line":308,"column":3}},"type":"if","locations":[{"start":{"line":306,"column":2},"end":{"line":308,"column":3}},{"start":{},"end":{}}],"line":306},"25":{"loc":{"start":{"line":310,"column":30},"end":{"line":310,"column":74}},"type":"binary-expr","locations":[{"start":{"line":310,"column":30},"end":{"line":310,"column":68}},{"start":{"line":310,"column":72},"end":{"line":310,"column":74}}],"line":310},"26":{"loc":{"start":{"line":312,"column":2},"end":{"line":317,"column":3}},"type":"if","locations":[{"start":{"line":312,"column":2},"end":{"line":317,"column":3}},{"start":{},"end":{}}],"line":312}},"s":{"0":7,"1":7,"2":7,"3":7,"4":7,"5":1,"6":1,"7":1,"8":1,"9":1,"10":7,"11":5,"12":0,"13":0,"14":0,"15":0,"16":5,"17":5,"18":5,"19":0,"20":5,"21":5,"22":0,"23":5,"24":0,"25":7,"26":6,"27":0,"28":6,"29":6,"30":0,"31":6,"32":0,"33":6,"34":6,"35":0,"36":6,"37":6,"38":1,"39":5,"40":5,"41":5,"42":0,"43":0,"44":0,"45":7,"46":1,"47":1,"48":1,"49":0,"50":0,"51":0,"52":1,"53":1,"54":7,"55":0,"56":0,"57":0,"58":0,"59":0,"60":0,"61":0,"62":0,"63":0,"64":0,"65":0,"66":0,"67":0,"68":0,"69":7,"70":5,"71":0,"72":5,"73":5,"74":5,"75":0,"76":5,"77":0,"78":5,"79":5,"80":1,"81":4,"82":4,"83":4,"84":4,"85":4},"f":{"0":1,"1":5,"2":6,"3":1,"4":0,"5":5},"b":{"0":[0,1],"1":[1,0],"2":[0,1],"3":[1,0],"4":[0,5],"5":[0,0],"6":[5,0],"7":[0,5],"8":[0,5],"9":[0,6],"10":[0,6],"11":[0,6],"12":[0,6],"13":[1,5],"14":[0,0],"15":[0,1],"16":[0,0],"17":[0,0],"18":[0,0],"19":[0,0],"20":[0,0],"21":[0,0],"22":[0,5],"23":[0,5],"24":[0,5],"25":[5,0],"26":[1,4]},"meta":{"lastBranch":27,"lastFunction":6,"lastStatement":86,"seen":{"s:17:21:17:22":0,"s:18:22:18:24":1,"s:19:18:19:20":2,"s:21:27:44:1":3,"s:46:28:65:1":4,"f:46:28:46:29":0,"s:47:24:47:42":5,"s:48:25:48:44":6,"s:51:4:53:20":7,"b:52:8:52:21:53:8:53:20":0,"b:51:4:51:35:51:39:51:56":1,"s:56:4:58:21":8,"b:57:8:57:43:58:8:58:21":2,"b:56:4:56:36:56:40:56:58":3,"s:60:2:64:4":9,"s:67:24:100:1":10,"f:67:24:67:29":1,"b:68:2:78:3:undefined:undefined:undefined:undefined":4,"s:68:2:78:3":11,"s:69:20:71:6":12,"b:73:4:75:5:undefined:undefined:undefined:undefined":5,"s:73:4:75:5":13,"s:74:6:74:59":14,"s:77:4:77:19":15,"b:80:2:97:3:undefined:undefined:undefined:undefined":6,"s:80:2:97:3":16,"s:81:22:84:6":17,"b:86:4:88:5:undefined:undefined:undefined:undefined":7,"s:86:4:88:5":18,"s:87:6:87:68":19,"s:90:20:90:63":20,"b:92:4:94:5:undefined:undefined:undefined:undefined":8,"s:92:4:94:5":21,"s:93:6:93:59":22,"s:96:4:96:19":23,"s:99:2:99:72":24,"s:102:19:165:1":25,"f:102:19:102:24":2,"b:103:2:105:3:undefined:undefined:undefined:undefined":9,"s:103:2:105:3":26,"s:104:4:104:46":27,"s:107:20:109:4":28,"b:111:2:113:3:undefined:undefined:undefined:undefined":10,"s:111:2:113:3":29,"s:112:4:112:79":30,"b:115:2:117:3:undefined:undefined:undefined:undefined":11,"s:115:2:117:3":31,"s:116:4:116:70":32,"s:119:14:122:4":33,"b:124:2:126:3:undefined:undefined:undefined:undefined":12,"s:124:2:126:3":34,"s:125:4:125:50":35,"s:128:30:131:4":36,"b:133:2:135:3:undefined:undefined:undefined:undefined":13,"s:133:2:135:3":37,"s:134:4:134:68":38,"s:137:2:164:3":39,"s:138:24:152:6":40,"s:154:4:157:6":41,"b:159:4:161:5:undefined:undefined:undefined:undefined":14,"s:159:4:161:5":42,"s:160:6:160:70":43,"s:163:4:163:16":44,"s:167:27:214:1":45,"f:167:27:167:32":3,"s:168:32:168:58":46,"s:170:18:172:3":47,"b:174:2:180:3:undefined:undefined:undefined:undefined":15,"s:174:2:180:3":48,"b:175:4:177:5:undefined:undefined:undefined:undefined":16,"s:175:4:177:5":49,"s:176:6:176:60":50,"s:179:4:179:34":51,"s:182:32:201:4":52,"s:203:2:213:4":53,"s:216:32:283:1":54,"f:216:32:216:37":4,"s:217:18:217:53":55,"s:219:32:219:58":56,"s:221:18:223:3":57,"b:225:2:231:3:undefined:undefined:undefined:undefined":17,"s:225:2:231:3":58,"b:226:4:228:5:undefined:undefined:undefined:undefined":18,"s:226:4:228:5":59,"s:227:6:227:48":60,"s:230:4:230:32":61,"b:233:2:239:3:undefined:undefined:undefined:undefined":19,"s:233:2:239:3":62,"b:234:4:236:5:undefined:undefined:undefined:undefined":20,"s:234:4:236:5":63,"s:235:6:235:60":64,"s:238:4:238:34":65,"s:241:20:241:50":66,"b:241:44:241:45:241:48:241:50":21,"s:243:32:270:4":67,"s:272:2:282:4":68,"s:285:32:333:1":69,"f:285:32:285:37":5,"b:291:2:293:3:undefined:undefined:undefined:undefined":22,"s:291:2:293:3":70,"s:292:4:292:54":71,"s:295:18:295:53":72,"s:297:22:300:4":73,"b:302:2:304:3:undefined:undefined:undefined:undefined":23,"s:302:2:304:3":74,"s:303:4:303:53":75,"b:306:2:308:3:undefined:undefined:undefined:undefined":24,"s:306:2:308:3":76,"s:307:4:307:67":77,"s:310:30:310:74":78,"b:310:30:310:68:310:72:310:74":25,"b:312:2:317:3:undefined:undefined:undefined:undefined":26,"s:312:2:317:3":79,"s:313:4:316:6":80,"s:319:2:319:34":81,"s:320:2:320:34":82,"s:322:2:325:5":83,"s:327:2:327:27":84,"s:329:2:332:4":85},"fnNames":{}}}
,"C:\\Users\\com\\OneDrive\\Desktop\\Hireflow\\backend\\src\\modules\\application\\application.validation.js": {"path":"C:\\Users\\com\\OneDrive\\Desktop\\Hireflow\\backend\\src\\modules\\application\\application.validation.js","statementMap":{"0":{"start":{"line":5,"column":32},"end":{"line":10,"column":2}},"1":{"start":{"line":9,"column":26},"end":{"line":9,"column":39}},"2":{"start":{"line":12,"column":45},"end":{"line":14,"column":2}}},"fnMap":{"0":{"name":"(anonymous_0)","decl":{"start":{"line":9,"column":15},"end":{"line":9,"column":16}},"loc":{"start":{"line":9,"column":26},"end":{"line":9,"column":39}},"line":9}},"branchMap":{"0":{"loc":{"start":{"line":9,"column":26},"end":{"line":9,"column":39}},"type":"binary-expr","locations":[{"start":{"line":9,"column":26},"end":{"line":9,"column":31}},{"start":{"line":9,"column":35},"end":{"line":9,"column":39}}],"line":9}},"s":{"0":7,"1":6,"2":7},"f":{"0":6},"b":{"0":[6,0]},"meta":{"lastBranch":1,"lastFunction":1,"lastStatement":3,"seen":{"s:5:32:10:2":0,"f:9:15:9:16":0,"s:9:26:9:39":1,"b:9:26:9:31:9:35:9:39":0,"s:12:45:14:2":2},"fnNames":{}}}
,"C:\\Users\\com\\OneDrive\\Desktop\\Hireflow\\backend\\src\\modules\\auth\\auth.controller.js": {"path":"C:\\Users\\com\\OneDrive\\Desktop\\Hireflow\\backend\\src\\modules\\auth\\auth.controller.js","statementMap":{"0":{"start":{"line":6,"column":17},"end":{"line":16,"column":2}},"1":{"start":{"line":7,"column":17},"end":{"line":7,"column":54}},"2":{"start":{"line":9,"column":2},"end":{"line":15,"column":4}},"3":{"start":{"line":18,"column":19},"end":{"line":22,"column":2}},"4":{"start":{"line":19,"column":17},"end":{"line":19,"column":64}},"5":{"start":{"line":21,"column":2},"end":{"line":21,"column":68}},"6":{"start":{"line":24,"column":25},"end":{"line":33,"column":2}},"7":{"start":{"line":25,"column":17},"end":{"line":25,"column":62}},"8":{"start":{"line":27,"column":2},"end":{"line":32,"column":4}},"9":{"start":{"line":35,"column":26},"end":{"line":44,"column":2}},"10":{"start":{"line":36,"column":17},"end":{"line":36,"column":76}},"11":{"start":{"line":38,"column":2},"end":{"line":43,"column":4}},"12":{"start":{"line":46,"column":18},"end":{"line":53,"column":2}},"13":{"start":{"line":47,"column":17},"end":{"line":50,"column":3}},"14":{"start":{"line":52,"column":2},"end":{"line":52,"column":68}},"15":{"start":{"line":55,"column":25},"end":{"line":59,"column":2}},"16":{"start":{"line":56,"column":17},"end":{"line":56,"column":65}},"17":{"start":{"line":58,"column":2},"end":{"line":58,"column":68}},"18":{"start":{"line":61,"column":22},"end":{"line":65,"column":2}},"19":{"start":{"line":62,"column":17},"end":{"line":62,"column":65}},"20":{"start":{"line":64,"column":2},"end":{"line":64,"column":68}},"21":{"start":{"line":67,"column":21},"end":{"line":74,"column":2}},"22":{"start":{"line":68,"column":17},"end":{"line":71,"column":3}},"23":{"start":{"line":73,"column":2},"end":{"line":73,"column":68}},"24":{"start":{"line":76,"column":31},"end":{"line":80,"column":2}},"25":{"start":{"line":77,"column":17},"end":{"line":77,"column":74}},"26":{"start":{"line":79,"column":2},"end":{"line":79,"column":68}}},"fnMap":{"0":{"name":"(anonymous_0)","decl":{"start":{"line":6,"column":31},"end":{"line":6,"column":36}},"loc":{"start":{"line":6,"column":51},"end":{"line":16,"column":1}},"line":6},"1":{"name":"(anonymous_1)","decl":{"start":{"line":18,"column":33},"end":{"line":18,"column":38}},"loc":{"start":{"line":18,"column":53},"end":{"line":22,"column":1}},"line":18},"2":{"name":"(anonymous_2)","decl":{"start":{"line":24,"column":39},"end":{"line":24,"column":44}},"loc":{"start":{"line":24,"column":59},"end":{"line":33,"column":1}},"line":24},"3":{"name":"(anonymous_3)","decl":{"start":{"line":35,"column":40},"end":{"line":35,"column":45}},"loc":{"start":{"line":35,"column":60},"end":{"line":44,"column":1}},"line":35},"4":{"name":"(anonymous_4)","decl":{"start":{"line":46,"column":32},"end":{"line":46,"column":37}},"loc":{"start":{"line":46,"column":52},"end":{"line":53,"column":1}},"line":46},"5":{"name":"(anonymous_5)","decl":{"start":{"line":55,"column":39},"end":{"line":55,"column":44}},"loc":{"start":{"line":55,"column":59},"end":{"line":59,"column":1}},"line":55},"6":{"name":"(anonymous_6)","decl":{"start":{"line":61,"column":36},"end":{"line":61,"column":41}},"loc":{"start":{"line":61,"column":56},"end":{"line":65,"column":1}},"line":61},"7":{"name":"(anonymous_7)","decl":{"start":{"line":67,"column":35},"end":{"line":67,"column":40}},"loc":{"start":{"line":67,"column":55},"end":{"line":74,"column":1}},"line":67},"8":{"name":"(anonymous_8)","decl":{"start":{"line":76,"column":45},"end":{"line":76,"column":50}},"loc":{"start":{"line":76,"column":65},"end":{"line":80,"column":1}},"line":76}},"branchMap":{},"s":{"0":7,"1":34,"2":32,"3":7,"4":0,"5":0,"6":7,"7":2,"8":2,"9":7,"10":7,"11":3,"12":7,"13":1,"14":1,"15":7,"16":1,"17":1,"18":7,"19":0,"20":0,"21":7,"22":0,"23":0,"24":7,"25":0,"26":0},"f":{"0":34,"1":0,"2":2,"3":7,"4":1,"5":1,"6":0,"7":0,"8":0},"b":{},"meta":{"lastBranch":0,"lastFunction":9,"lastStatement":27,"seen":{"s:6:17:16:2":0,"f:6:31:6:36":0,"s:7:17:7:54":1,"s:9:2:15:4":2,"s:18:19:22:2":3,"f:18:33:18:38":1,"s:19:17:19:64":4,"s:21:2:21:68":5,"s:24:25:33:2":6,"f:24:39:24:44":2,"s:25:17:25:62":7,"s:27:2:32:4":8,"s:35:26:44:2":9,"f:35:40:35:45":3,"s:36:17:36:76":10,"s:38:2:43:4":11,"s:46:18:53:2":12,"f:46:32:46:37":4,"s:47:17:50:3":13,"s:52:2:52:68":14,"s:55:25:59:2":15,"f:55:39:55:44":5,"s:56:17:56:65":16,"s:58:2:58:68":17,"s:61:22:65:2":18,"f:61:36:61:41":6,"s:62:17:62:65":19,"s:64:2:64:68":20,"s:67:21:74:2":21,"f:67:35:67:40":7,"s:68:17:71:3":22,"s:73:2:73:68":23,"s:76:31:80:2":24,"f:76:45:76:50":8,"s:77:17:77:74":25,"s:79:2:79:68":26},"fnNames":{}}}
,"C:\\Users\\com\\OneDrive\\Desktop\\Hireflow\\backend\\src\\modules\\auth\\auth.model.js": {"path":"C:\\Users\\com\\OneDrive\\Desktop\\Hireflow\\backend\\src\\modules\\auth\\auth.model.js","statementMap":{"0":{"start":{"line":6,"column":19},"end":{"line":52,"column":1}},"1":{"start":{"line":54,"column":0},"end":{"line":60,"column":3}},"2":{"start":{"line":55,"column":2},"end":{"line":57,"column":3}},"3":{"start":{"line":56,"column":4},"end":{"line":56,"column":11}},"4":{"start":{"line":59,"column":2},"end":{"line":59,"column":52}},"5":{"start":{"line":62,"column":0},"end":{"line":64,"column":2}},"6":{"start":{"line":63,"column":2},"end":{"line":63,"column":59}},"7":{"start":{"line":66,"column":13},"end":{"line":66,"column":47}}},"fnMap":{"0":{"name":"(anonymous_0)","decl":{"start":{"line":54,"column":23},"end":{"line":54,"column":28}},"loc":{"start":{"line":54,"column":41},"end":{"line":60,"column":1}},"line":54},"1":{"name":"(anonymous_1)","decl":{"start":{"line":62,"column":37},"end":{"line":62,"column":42}},"loc":{"start":{"line":62,"column":72},"end":{"line":64,"column":1}},"line":62}},"branchMap":{"0":{"loc":{"start":{"line":55,"column":2},"end":{"line":57,"column":3}},"type":"if","locations":[{"start":{"line":55,"column":2},"end":{"line":57,"column":3}},{"start":{},"end":{}}],"line":55}},"s":{"0":7,"1":7,"2":43,"3":1,"4":42,"5":7,"6":33,"7":7},"f":{"0":43,"1":33},"b":{"0":[1,42]},"meta":{"lastBranch":1,"lastFunction":2,"lastStatement":8,"seen":{"s:6:19:52:1":0,"s:54:0:60:3":1,"f:54:23:54:28":0,"b:55:2:57:3:undefined:undefined:undefined:undefined":0,"s:55:2:57:3":2,"s:56:4:56:11":3,"s:59:2:59:52":4,"s:62:0:64:2":5,"f:62:37:62:42":1,"s:63:2:63:59":6,"s:66:13:66:47":7},"fnNames":{}}}
,"C:\\Users\\com\\OneDrive\\Desktop\\Hireflow\\backend\\src\\modules\\auth\\auth.routes.js": {"path":"C:\\Users\\com\\OneDrive\\Desktop\\Hireflow\\backend\\src\\modules\\auth\\auth.routes.js","statementMap":{"0":{"start":{"line":31,"column":15},"end":{"line":31,"column":31}},"1":{"start":{"line":69,"column":0},"end":{"line":74,"column":2}},"2":{"start":{"line":95,"column":0},"end":{"line":95,"column":48}},"3":{"start":{"line":125,"column":0},"end":{"line":130,"column":2}},"4":{"start":{"line":162,"column":0},"end":{"line":162,"column":69}},"5":{"start":{"line":188,"column":0},"end":{"line":188,"column":80}},"6":{"start":{"line":218,"column":0},"end":{"line":218,"column":73}},"7":{"start":{"line":235,"column":0},"end":{"line":235,"column":60}},"8":{"start":{"line":264,"column":0},"end":{"line":269,"column":2}},"9":{"start":{"line":306,"column":0},"end":{"line":311,"column":2}},"10":{"start":{"line":328,"column":0},"end":{"line":332,"column":3}},"11":{"start":{"line":329,"column":2},"end":{"line":331,"column":79}}},"fnMap":{"0":{"name":"(anonymous_0)","decl":{"start":{"line":328,"column":32},"end":{"line":328,"column":33}},"loc":{"start":{"line":328,"column":46},"end":{"line":332,"column":1}},"line":328}},"branchMap":{},"s":{"0":7,"1":7,"2":7,"3":7,"4":7,"5":7,"6":7,"7":7,"8":7,"9":7,"10":7,"11":1},"f":{"0":1},"b":{},"meta":{"lastBranch":0,"lastFunction":1,"lastStatement":12,"seen":{"s:31:15:31:31":0,"s:69:0:74:2":1,"s:95:0:95:48":2,"s:125:0:130:2":3,"s:162:0:162:69":4,"s:188:0:188:80":5,"s:218:0:218:73":6,"s:235:0:235:60":7,"s:264:0:269:2":8,"s:306:0:311:2":9,"s:328:0:332:3":10,"f:328:32:328:33":0,"s:329:2:331:79":11},"fnNames":{}}}
,"C:\\Users\\com\\OneDrive\\Desktop\\Hireflow\\backend\\src\\modules\\auth\\auth.service.js": {"path":"C:\\Users\\com\\OneDrive\\Desktop\\Hireflow\\backend\\src\\modules\\auth\\auth.service.js","statementMap":{"0":{"start":{"line":18,"column":2},"end":{"line":18,"column":65}},"1":{"start":{"line":20,"column":34},"end":{"line":20,"column":79}},"2":{"start":{"line":23,"column":2},"end":{"line":23,"column":63}},"3":{"start":{"line":25,"column":22},"end":{"line":58,"column":1}},"4":{"start":{"line":26,"column":19},"end":{"line":26,"column":36}},"5":{"start":{"line":28,"column":22},"end":{"line":31,"column":4}},"6":{"start":{"line":33,"column":2},"end":{"line":35,"column":3}},"7":{"start":{"line":34,"column":4},"end":{"line":34,"column":71}},"8":{"start":{"line":37,"column":15},"end":{"line":37,"column":54}},"9":{"start":{"line":39,"column":2},"end":{"line":41,"column":3}},"10":{"start":{"line":40,"column":4},"end":{"line":40,"column":46}},"11":{"start":{"line":43,"column":2},"end":{"line":43,"column":27}},"12":{"start":{"line":44,"column":2},"end":{"line":44,"column":20}},"13":{"start":{"line":46,"column":2},"end":{"line":53,"column":5}},"14":{"start":{"line":55,"column":2},"end":{"line":57,"column":4}},"15":{"start":{"line":60,"column":23},"end":{"line":94,"column":1}},"16":{"start":{"line":62,"column":4},"end":{"line":62,"column":80}},"17":{"start":{"line":64,"column":15},"end":{"line":64,"column":44}},"18":{"start":{"line":66,"column":2},"end":{"line":70,"column":3}},"19":{"start":{"line":67,"column":4},"end":{"line":69,"column":6}},"20":{"start":{"line":72,"column":2},"end":{"line":74,"column":5}},"21":{"start":{"line":76,"column":18},"end":{"line":76,"column":40}},"22":{"start":{"line":77,"column":19},"end":{"line":77,"column":39}},"23":{"start":{"line":79,"column":20},"end":{"line":81,"column":3}},"24":{"start":{"line":83,"column":2},"end":{"line":87,"column":5}},"25":{"start":{"line":89,"column":2},"end":{"line":89,"column":47}},"26":{"start":{"line":91,"column":2},"end":{"line":93,"column":4}},"27":{"start":{"line":96,"column":26},"end":{"line":104,"column":1}},"28":{"start":{"line":97,"column":2},"end":{"line":99,"column":5}},"29":{"start":{"line":101,"column":2},"end":{"line":103,"column":4}},"30":{"start":{"line":106,"column":19},"end":{"line":121,"column":1}},"31":{"start":{"line":107,"column":19},"end":{"line":107,"column":43}},"32":{"start":{"line":109,"column":23},"end":{"line":112,"column":4}},"33":{"start":{"line":114,"column":2},"end":{"line":116,"column":3}},"34":{"start":{"line":115,"column":4},"end":{"line":115,"column":49}},"35":{"start":{"line":118,"column":2},"end":{"line":120,"column":4}},"36":{"start":{"line":123,"column":27},"end":{"line":141,"column":1}},"37":{"start":{"line":124,"column":18},"end":{"line":128,"column":3}},"38":{"start":{"line":130,"column":22},"end":{"line":130,"column":52}},"39":{"start":{"line":132,"column":2},"end":{"line":138,"column":5}},"40":{"start":{"line":140,"column":2},"end":{"line":140,"column":22}},"41":{"start":{"line":143,"column":27},"end":{"line":180,"column":1}},"42":{"start":{"line":144,"column":17},"end":{"line":144,"column":50}},"43":{"start":{"line":146,"column":15},"end":{"line":146,"column":47}},"44":{"start":{"line":148,"column":2},"end":{"line":150,"column":3}},"45":{"start":{"line":149,"column":4},"end":{"line":149,"column":53}},"46":{"start":{"line":152,"column":19},"end":{"line":152,"column":43}},"47":{"start":{"line":154,"column":22},"end":{"line":158,"column":4}},"48":{"start":{"line":160,"column":2},"end":{"line":162,"column":3}},"49":{"start":{"line":161,"column":4},"end":{"line":161,"column":64}},"50":{"start":{"line":164,"column":2},"end":{"line":166,"column":5}},"51":{"start":{"line":168,"column":21},"end":{"line":171,"column":4}},"52":{"start":{"line":173,"column":26},"end":{"line":173,"column":56}},"53":{"start":{"line":175,"column":2},"end":{"line":179,"column":4}},"54":{"start":{"line":182,"column":18},"end":{"line":222,"column":1}},"55":{"start":{"line":183,"column":15},"end":{"line":183,"column":64}},"56":{"start":{"line":185,"column":2},"end":{"line":187,"column":3}},"57":{"start":{"line":186,"column":4},"end":{"line":186,"column":57}},"58":{"start":{"line":189,"column":2},"end":{"line":191,"column":3}},"59":{"start":{"line":190,"column":4},"end":{"line":190,"column":65}},"60":{"start":{"line":193,"column":2},"end":{"line":195,"column":3}},"61":{"start":{"line":194,"column":4},"end":{"line":194,"column":74}},"62":{"start":{"line":197,"column":26},"end":{"line":197,"column":62}},"63":{"start":{"line":199,"column":2},"end":{"line":201,"column":3}},"64":{"start":{"line":200,"column":4},"end":{"line":200,"column":57}},"65":{"start":{"line":203,"column":18},"end":{"line":206,"column":3}},"66":{"start":{"line":208,"column":21},"end":{"line":208,"column":50}},"67":{"start":{"line":209,"column":23},"end":{"line":209,"column":53}},"68":{"start":{"line":211,"column":2},"end":{"line":221,"column":4}},"69":{"start":{"line":224,"column":20},"end":{"line":258,"column":1}},"70":{"start":{"line":225,"column":19},"end":{"line":225,"column":36}},"71":{"start":{"line":227,"column":28},"end":{"line":230,"column":4}},"72":{"start":{"line":232,"column":2},"end":{"line":234,"column":3}},"73":{"start":{"line":233,"column":4},"end":{"line":233,"column":69}},"74":{"start":{"line":236,"column":15},"end":{"line":236,"column":60}},"75":{"start":{"line":238,"column":2},"end":{"line":240,"column":3}},"76":{"start":{"line":239,"column":4},"end":{"line":239,"column":46}},"77":{"start":{"line":242,"column":2},"end":{"line":248,"column":3}},"78":{"start":{"line":243,"column":4},"end":{"line":243,"column":66}},"79":{"start":{"line":245,"column":4},"end":{"line":247,"column":6}},"80":{"start":{"line":250,"column":2},"end":{"line":250,"column":30}},"81":{"start":{"line":251,"column":2},"end":{"line":251,"column":20}},"82":{"start":{"line":253,"column":2},"end":{"line":253,"column":64}},"83":{"start":{"line":255,"column":2},"end":{"line":257,"column":4}},"84":{"start":{"line":260,"column":37},"end":{"line":277,"column":1}},"85":{"start":{"line":261,"column":2},"end":{"line":261,"column":54}},"86":{"start":{"line":263,"column":18},"end":{"line":263,"column":40}},"87":{"start":{"line":264,"column":19},"end":{"line":264,"column":39}},"88":{"start":{"line":266,"column":20},"end":{"line":268,"column":3}},"89":{"start":{"line":270,"column":2},"end":{"line":274,"column":5}},"90":{"start":{"line":276,"column":2},"end":{"line":276,"column":18}},"91":{"start":{"line":279,"column":26},"end":{"line":323,"column":1}},"92":{"start":{"line":280,"column":27},"end":{"line":280,"column":59}},"93":{"start":{"line":282,"column":2},"end":{"line":284,"column":3}},"94":{"start":{"line":283,"column":4},"end":{"line":283,"column":55}},"95":{"start":{"line":286,"column":23},"end":{"line":286,"column":52}},"96":{"start":{"line":288,"column":2},"end":{"line":304,"column":3}},"97":{"start":{"line":289,"column":4},"end":{"line":291,"column":5}},"98":{"start":{"line":290,"column":6},"end":{"line":290,"column":54}},"99":{"start":{"line":293,"column":30},"end":{"line":295,"column":5}},"100":{"start":{"line":297,"column":4},"end":{"line":297,"column":65}},"101":{"start":{"line":299,"column":4},"end":{"line":303,"column":6}},"102":{"start":{"line":306,"column":15},"end":{"line":311,"column":4}},"103":{"start":{"line":313,"column":28},"end":{"line":313,"column":72}},"104":{"start":{"line":315,"column":2},"end":{"line":315,"column":55}},"105":{"start":{"line":317,"column":2},"end":{"line":322,"column":4}},"106":{"start":{"line":325,"column":30},"end":{"line":339,"column":1}},"107":{"start":{"line":326,"column":26},"end":{"line":326,"column":92}},"108":{"start":{"line":328,"column":2},"end":{"line":338,"column":5}},"109":{"start":{"line":341,"column":31},"end":{"line":356,"column":1}},"110":{"start":{"line":342,"column":19},"end":{"line":342,"column":73}},"111":{"start":{"line":344,"column":2},"end":{"line":355,"column":5}},"112":{"start":{"line":358,"column":32},"end":{"line":377,"column":1}},"113":{"start":{"line":360,"column":4},"end":{"line":360,"column":90}},"114":{"start":{"line":362,"column":15},"end":{"line":362,"column":44}},"115":{"start":{"line":364,"column":2},"end":{"line":368,"column":3}},"116":{"start":{"line":365,"column":4},"end":{"line":367,"column":6}},"117":{"start":{"line":370,"column":28},"end":{"line":370,"column":72}},"118":{"start":{"line":372,"column":2},"end":{"line":372,"column":55}},"119":{"start":{"line":374,"column":2},"end":{"line":376,"column":4}}},"fnMap":{"0":{"name":"(anonymous_0)","decl":{"start":{"line":25,"column":22},"end":{"line":25,"column":27}},"loc":{"start":{"line":25,"column":49},"end":{"line":58,"column":1}},"line":25},"1":{"name":"(anonymous_1)","decl":{"start":{"line":60,"column":23},"end":{"line":60,"column":28}},"loc":{"start":{"line":60,"column":40},"end":{"line":94,"column":1}},"line":60},"2":{"name":"(anonymous_2)","decl":{"start":{"line":96,"column":26},"end":{"line":96,"column":31}},"loc":{"start":{"line":96,"column":44},"end":{"line":104,"column":1}},"line":96},"3":{"name":"(anonymous_3)","decl":{"start":{"line":106,"column":19},"end":{"line":106,"column":24}},"loc":{"start":{"line":106,"column":51},"end":{"line":121,"column":1}},"line":106},"4":{"name":"(anonymous_4)","decl":{"start":{"line":123,"column":27},"end":{"line":123,"column":32}},"loc":{"start":{"line":123,"column":43},"end":{"line":141,"column":1}},"line":123},"5":{"name":"(anonymous_5)","decl":{"start":{"line":143,"column":27},"end":{"line":143,"column":32}},"loc":{"start":{"line":143,"column":51},"end":{"line":180,"column":1}},"line":143},"6":{"name":"(anonymous_6)","decl":{"start":{"line":182,"column":18},"end":{"line":182,"column":23}},"loc":{"start":{"line":182,"column":49},"end":{"line":222,"column":1}},"line":182},"7":{"name":"(anonymous_7)","decl":{"start":{"line":224,"column":20},"end":{"line":224,"column":25}},"loc":{"start":{"line":224,"column":37},"end":{"line":258,"column":1}},"line":224},"8":{"name":"(anonymous_8)","decl":{"start":{"line":260,"column":37},"end":{"line":260,"column":42}},"loc":{"start":{"line":260,"column":55},"end":{"line":277,"column":1}},"line":260},"9":{"name":"(anonymous_9)","decl":{"start":{"line":279,"column":26},"end":{"line":279,"column":31}},"loc":{"start":{"line":279,"column":67},"end":{"line":323,"column":1}},"line":279},"10":{"name":"(anonymous_10)","decl":{"start":{"line":325,"column":30},"end":{"line":325,"column":35}},"loc":{"start":{"line":325,"column":56},"end":{"line":339,"column":1}},"line":325},"11":{"name":"(anonymous_11)","decl":{"start":{"line":341,"column":31},"end":{"line":341,"column":36}},"loc":{"start":{"line":341,"column":57},"end":{"line":356,"column":1}},"line":341},"12":{"name":"(anonymous_12)","decl":{"start":{"line":358,"column":32},"end":{"line":358,"column":37}},"loc":{"start":{"line":358,"column":49},"end":{"line":377,"column":1}},"line":358}},"branchMap":{"0":{"loc":{"start":{"line":18,"column":2},"end":{"line":18,"column":65}},"type":"binary-expr","locations":[{"start":{"line":18,"column":2},"end":{"line":18,"column":59}},{"start":{"line":18,"column":63},"end":{"line":18,"column":65}}],"line":18},"1":{"loc":{"start":{"line":20,"column":34},"end":{"line":20,"column":79}},"type":"binary-expr","locations":[{"start":{"line":20,"column":34},"end":{"line":20,"column":74}},{"start":{"line":20,"column":78},"end":{"line":20,"column":79}}],"line":20},"2":{"loc":{"start":{"line":23,"column":2},"end":{"line":23,"column":63}},"type":"binary-expr","locations":[{"start":{"line":23,"column":2},"end":{"line":23,"column":57}},{"start":{"line":23,"column":61},"end":{"line":23,"column":63}}],"line":23},"3":{"loc":{"start":{"line":33,"column":2},"end":{"line":35,"column":3}},"type":"if","locations":[{"start":{"line":33,"column":2},"end":{"line":35,"column":3}},{"start":{},"end":{}}],"line":33},"4":{"loc":{"start":{"line":39,"column":2},"end":{"line":41,"column":3}},"type":"if","locations":[{"start":{"line":39,"column":2},"end":{"line":41,"column":3}},{"start":{},"end":{}}],"line":39},"5":{"loc":{"start":{"line":66,"column":2},"end":{"line":70,"column":3}},"type":"if","locations":[{"start":{"line":66,"column":2},"end":{"line":70,"column":3}},{"start":{},"end":{}}],"line":66},"6":{"loc":{"start":{"line":114,"column":2},"end":{"line":116,"column":3}},"type":"if","locations":[{"start":{"line":114,"column":2},"end":{"line":116,"column":3}},{"start":{},"end":{}}],"line":114},"7":{"loc":{"start":{"line":148,"column":2},"end":{"line":150,"column":3}},"type":"if","locations":[{"start":{"line":148,"column":2},"end":{"line":150,"column":3}},{"start":{},"end":{}}],"line":148},"8":{"loc":{"start":{"line":160,"column":2},"end":{"line":162,"column":3}},"type":"if","locations":[{"start":{"line":160,"column":2},"end":{"line":162,"column":3}},{"start":{},"end":{}}],"line":160},"9":{"loc":{"start":{"line":185,"column":2},"end":{"line":187,"column":3}},"type":"if","locations":[{"start":{"line":185,"column":2},"end":{"line":187,"column":3}},{"start":{},"end":{}}],"line":185},"10":{"loc":{"start":{"line":189,"column":2},"end":{"line":191,"column":3}},"type":"if","locations":[{"start":{"line":189,"column":2},"end":{"line":191,"column":3}},{"start":{},"end":{}}],"line":189},"11":{"loc":{"start":{"line":193,"column":2},"end":{"line":195,"column":3}},"type":"if","locations":[{"start":{"line":193,"column":2},"end":{"line":195,"column":3}},{"start":{},"end":{}}],"line":193},"12":{"loc":{"start":{"line":199,"column":2},"end":{"line":201,"column":3}},"type":"if","locations":[{"start":{"line":199,"column":2},"end":{"line":201,"column":3}},{"start":{},"end":{}}],"line":199},"13":{"loc":{"start":{"line":232,"column":2},"end":{"line":234,"column":3}},"type":"if","locations":[{"start":{"line":232,"column":2},"end":{"line":234,"column":3}},{"start":{},"end":{}}],"line":232},"14":{"loc":{"start":{"line":238,"column":2},"end":{"line":240,"column":3}},"type":"if","locations":[{"start":{"line":238,"column":2},"end":{"line":240,"column":3}},{"start":{},"end":{}}],"line":238},"15":{"loc":{"start":{"line":242,"column":2},"end":{"line":248,"column":3}},"type":"if","locations":[{"start":{"line":242,"column":2},"end":{"line":248,"column":3}},{"start":{},"end":{}}],"line":242},"16":{"loc":{"start":{"line":282,"column":2},"end":{"line":284,"column":3}},"type":"if","locations":[{"start":{"line":282,"column":2},"end":{"line":284,"column":3}},{"start":{},"end":{}}],"line":282},"17":{"loc":{"start":{"line":282,"column":6},"end":{"line":282,"column":58}},"type":"binary-expr","locations":[{"start":{"line":282,"column":6},"end":{"line":282,"column":22}},{"start":{"line":282,"column":26},"end":{"line":282,"column":58}}],"line":282},"18":{"loc":{"start":{"line":288,"column":2},"end":{"line":304,"column":3}},"type":"if","locations":[{"start":{"line":288,"column":2},"end":{"line":304,"column":3}},{"start":{},"end":{}}],"line":288},"19":{"loc":{"start":{"line":289,"column":4},"end":{"line":291,"column":5}},"type":"if","locations":[{"start":{"line":289,"column":4},"end":{"line":291,"column":5}},{"start":{},"end":{}}],"line":289},"20":{"loc":{"start":{"line":364,"column":2},"end":{"line":368,"column":3}},"type":"if","locations":[{"start":{"line":364,"column":2},"end":{"line":368,"column":3}},{"start":{},"end":{}}],"line":364},"21":{"loc":{"start":{"line":364,"column":6},"end":{"line":364,"column":35}},"type":"binary-expr","locations":[{"start":{"line":364,"column":6},"end":{"line":364,"column":11}},{"start":{"line":364,"column":15},"end":{"line":364,"column":35}}],"line":364}},"s":{"0":7,"1":7,"2":7,"3":7,"4":0,"5":0,"6":0,"7":0,"8":0,"9":0,"10":0,"11":0,"12":0,"13":0,"14":0,"15":7,"16":0,"17":0,"18":0,"19":0,"20":0,"21":0,"22":0,"23":0,"24":0,"25":0,"26":0,"27":7,"28":1,"29":1,"30":7,"31":1,"32":1,"33":1,"34":0,"35":1,"36":7,"37":35,"38":35,"39":35,"40":35,"41":7,"42":7,"43":7,"44":7,"45":0,"46":7,"47":7,"48":7,"49":4,"50":3,"51":3,"52":3,"53":3,"54":7,"55":34,"56":34,"57":0,"58":34,"59":0,"60":34,"61":1,"62":33,"63":33,"64":1,"65":32,"66":32,"67":32,"68":32,"69":7,"70":0,"71":0,"72":0,"73":0,"74":0,"75":0,"76":0,"77":0,"78":0,"79":0,"80":0,"81":0,"82":0,"83":0,"84":7,"85":2,"86":2,"87":2,"88":2,"89":2,"90":2,"91":7,"92":2,"93":2,"94":0,"95":2,"96":2,"97":0,"98":0,"99":0,"100":0,"101":0,"102":2,"103":2,"104":2,"105":2,"106":7,"107":2,"108":2,"109":7,"110":0,"111":0,"112":7,"113":0,"114":0,"115":0,"116":0,"117":0,"118":0,"119":0},"f":{"0":0,"1":0,"2":1,"3":1,"4":35,"5":7,"6":34,"7":0,"8":2,"9":2,"10":2,"11":0,"12":0},"b":{"0":[7,0],"1":[7,7],"2":[7,0],"3":[0,0],"4":[0,0],"5":[0,0],"6":[0,1],"7":[0,7],"8":[4,3],"9":[0,34],"10":[0,34],"11":[1,33],"12":[1,32],"13":[0,0],"14":[0,0],"15":[0,0],"16":[0,2],"17":[2,0],"18":[0,2],"19":[0,0],"20":[0,0],"21":[0,0]},"meta":{"lastBranch":22,"lastFunction":13,"lastStatement":120,"seen":{"s:18:2:18:65":0,"b:18:2:18:59:18:63:18:65":0,"s:20:34:20:79":1,"b:20:34:20:74:20:78:20:79":1,"s:23:2:23:63":2,"b:23:2:23:57:23:61:23:63":2,"s:25:22:58:1":3,"f:25:22:25:27":0,"s:26:19:26:36":4,"s:28:22:31:4":5,"b:33:2:35:3:undefined:undefined:undefined:undefined":3,"s:33:2:35:3":6,"s:34:4:34:71":7,"s:37:15:37:54":8,"b:39:2:41:3:undefined:undefined:undefined:undefined":4,"s:39:2:41:3":9,"s:40:4:40:46":10,"s:43:2:43:27":11,"s:44:2:44:20":12,"s:46:2:53:5":13,"s:55:2:57:4":14,"s:60:23:94:1":15,"f:60:23:60:28":1,"s:62:4:62:80":16,"s:64:15:64:44":17,"b:66:2:70:3:undefined:undefined:undefined:undefined":5,"s:66:2:70:3":18,"s:67:4:69:6":19,"s:72:2:74:5":20,"s:76:18:76:40":21,"s:77:19:77:39":22,"s:79:20:81:3":23,"s:83:2:87:5":24,"s:89:2:89:47":25,"s:91:2:93:4":26,"s:96:26:104:1":27,"f:96:26:96:31":2,"s:97:2:99:5":28,"s:101:2:103:4":29,"s:106:19:121:1":30,"f:106:19:106:24":3,"s:107:19:107:43":31,"s:109:23:112:4":32,"b:114:2:116:3:undefined:undefined:undefined:undefined":6,"s:114:2:116:3":33,"s:115:4:115:49":34,"s:118:2:120:4":35,"s:123:27:141:1":36,"f:123:27:123:32":4,"s:124:18:128:3":37,"s:130:22:130:52":38,"s:132:2:138:5":39,"s:140:2:140:22":40,"s:143:27:180:1":41,"f:143:27:143:32":5,"s:144:17:144:50":42,"s:146:15:146:47":43,"b:148:2:150:3:undefined:undefined:undefined:undefined":7,"s:148:2:150:3":44,"s:149:4:149:53":45,"s:152:19:152:43":46,"s:154:22:158:4":47,"b:160:2:162:3:undefined:undefined:undefined:undefined":8,"s:160:2:162:3":48,"s:161:4:161:64":49,"s:164:2:166:5":50,"s:168:21:171:4":51,"s:173:26:173:56":52,"s:175:2:179:4":53,"s:182:18:222:1":54,"f:182:18:182:23":6,"s:183:15:183:64":55,"b:185:2:187:3:undefined:undefined:undefined:undefined":9,"s:185:2:187:3":56,"s:186:4:186:57":57,"b:189:2:191:3:undefined:undefined:undefined:undefined":10,"s:189:2:191:3":58,"s:190:4:190:65":59,"b:193:2:195:3:undefined:undefined:undefined:undefined":11,"s:193:2:195:3":60,"s:194:4:194:74":61,"s:197:26:197:62":62,"b:199:2:201:3:undefined:undefined:undefined:undefined":12,"s:199:2:201:3":63,"s:200:4:200:57":64,"s:203:18:206:3":65,"s:208:21:208:50":66,"s:209:23:209:53":67,"s:211:2:221:4":68,"s:224:20:258:1":69,"f:224:20:224:25":7,"s:225:19:225:36":70,"s:227:28:230:4":71,"b:232:2:234:3:undefined:undefined:undefined:undefined":13,"s:232:2:234:3":72,"s:233:4:233:69":73,"s:236:15:236:60":74,"b:238:2:240:3:undefined:undefined:undefined:undefined":14,"s:238:2:240:3":75,"s:239:4:239:46":76,"b:242:2:248:3:undefined:undefined:undefined:undefined":15,"s:242:2:248:3":77,"s:243:4:243:66":78,"s:245:4:247:6":79,"s:250:2:250:30":80,"s:251:2:251:20":81,"s:253:2:253:64":82,"s:255:2:257:4":83,"s:260:37:277:1":84,"f:260:37:260:42":8,"s:261:2:261:54":85,"s:263:18:263:40":86,"s:264:19:264:39":87,"s:266:20:268:3":88,"s:270:2:274:5":89,"s:276:2:276:18":90,"s:279:26:323:1":91,"f:279:26:279:31":9,"s:280:27:280:59":92,"b:282:2:284:3:undefined:undefined:undefined:undefined":16,"s:282:2:284:3":93,"b:282:6:282:22:282:26:282:58":17,"s:283:4:283:55":94,"s:286:23:286:52":95,"b:288:2:304:3:undefined:undefined:undefined:undefined":18,"s:288:2:304:3":96,"b:289:4:291:5:undefined:undefined:undefined:undefined":19,"s:289:4:291:5":97,"s:290:6:290:54":98,"s:293:30:295:5":99,"s:297:4:297:65":100,"s:299:4:303:6":101,"s:306:15:311:4":102,"s:313:28:313:72":103,"s:315:2:315:55":104,"s:317:2:322:4":105,"s:325:30:339:1":106,"f:325:30:325:35":10,"s:326:26:326:92":107,"s:328:2:338:5":108,"s:341:31:356:1":109,"f:341:31:341:36":11,"s:342:19:342:73":110,"s:344:2:355:5":111,"s:358:32:377:1":112,"f:358:32:358:37":12,"s:360:4:360:90":113,"s:362:15:362:44":114,"b:364:2:368:3:undefined:undefined:undefined:undefined":20,"s:364:2:368:3":115,"b:364:6:364:11:364:15:364:35":21,"s:365:4:367:6":116,"s:370:28:370:72":117,"s:372:2:372:55":118,"s:374:2:376:4":119},"fnNames":{}}}
,"C:\\Users\\com\\OneDrive\\Desktop\\Hireflow\\backend\\src\\modules\\auth\\auth.validation.js": {"path":"C:\\Users\\com\\OneDrive\\Desktop\\Hireflow\\backend\\src\\modules\\auth\\auth.validation.js","statementMap":{"0":{"start":{"line":3,"column":23},"end":{"line":12,"column":44}},"1":{"start":{"line":12,"column":24},"end":{"line":12,"column":43}},"2":{"start":{"line":14,"column":20},"end":{"line":18,"column":44}},"3":{"start":{"line":18,"column":24},"end":{"line":18,"column":43}},"4":{"start":{"line":20,"column":23},"end":{"line":26,"column":3}},"5":{"start":{"line":28,"column":30},"end":{"line":32,"column":2}},"6":{"start":{"line":34,"column":27},"end":{"line":37,"column":2}},"7":{"start":{"line":39,"column":34},"end":{"line":41,"column":2}},"8":{"start":{"line":43,"column":28},"end":{"line":43,"column":46}},"9":{"start":{"line":45,"column":36},"end":{"line":47,"column":2}},"10":{"start":{"line":49,"column":40},"end":{"line":51,"column":2}},"11":{"start":{"line":53,"column":35},"end":{"line":61,"column":4}},"12":{"start":{"line":58,"column":20},"end":{"line":58,"column":58}}},"fnMap":{"0":{"name":"(anonymous_0)","decl":{"start":{"line":12,"column":13},"end":{"line":12,"column":14}},"loc":{"start":{"line":12,"column":24},"end":{"line":12,"column":43}},"line":12},"1":{"name":"(anonymous_1)","decl":{"start":{"line":18,"column":13},"end":{"line":18,"column":14}},"loc":{"start":{"line":18,"column":24},"end":{"line":18,"column":43}},"line":18},"2":{"name":"(anonymous_2)","decl":{"start":{"line":58,"column":10},"end":{"line":58,"column":11}},"loc":{"start":{"line":58,"column":20},"end":{"line":58,"column":58}},"line":58}},"branchMap":{},"s":{"0":7,"1":2,"2":7,"3":36,"4":7,"5":7,"6":7,"7":7,"8":7,"9":7,"10":7,"11":7,"12":0},"f":{"0":2,"1":36,"2":0},"b":{},"meta":{"lastBranch":0,"lastFunction":3,"lastStatement":13,"seen":{"s:3:23:12:44":0,"f:12:13:12:14":0,"s:12:24:12:43":1,"s:14:20:18:44":2,"f:18:13:18:14":1,"s:18:24:18:43":3,"s:20:23:26:3":4,"s:28:30:32:2":5,"s:34:27:37:2":6,"s:39:34:41:2":7,"s:43:28:43:46":8,"s:45:36:47:2":9,"s:49:40:51:2":10,"s:53:35:61:4":11,"f:58:10:58:11":2,"s:58:20:58:58":12},"fnNames":{}}}
,"C:\\Users\\com\\OneDrive\\Desktop\\Hireflow\\backend\\src\\modules\\auth\\emailVerificationToken.model.js": {"path":"C:\\Users\\com\\OneDrive\\Desktop\\Hireflow\\backend\\src\\modules\\auth\\emailVerificationToken.model.js","statementMap":{"0":{"start":{"line":3,"column":37},"end":{"line":26,"column":1}},"1":{"start":{"line":28,"column":31},"end":{"line":31,"column":1}}},"fnMap":{},"branchMap":{},"s":{"0":7,"1":7},"f":{},"b":{},"meta":{"lastBranch":0,"lastFunction":0,"lastStatement":2,"seen":{"s:3:37:26:1":0,"s:28:31:31:1":1},"fnNames":{}}}
,"C:\\Users\\com\\OneDrive\\Desktop\\Hireflow\\backend\\src\\modules\\auth\\passwordResetToken.model.js": {"path":"C:\\Users\\com\\OneDrive\\Desktop\\Hireflow\\backend\\src\\modules\\auth\\passwordResetToken.model.js","statementMap":{"0":{"start":{"line":3,"column":33},"end":{"line":24,"column":1}},"1":{"start":{"line":26,"column":0},"end":{"line":26,"column":76}},"2":{"start":{"line":28,"column":27},"end":{"line":31,"column":1}}},"fnMap":{},"branchMap":{},"s":{"0":7,"1":7,"2":7},"f":{},"b":{},"meta":{"lastBranch":0,"lastFunction":0,"lastStatement":3,"seen":{"s:3:33:24:1":0,"s:26:0:26:76":1,"s:28:27:31:1":2},"fnNames":{}}}
,"C:\\Users\\com\\OneDrive\\Desktop\\Hireflow\\backend\\src\\modules\\auth\\refreshToken.model.js": {"path":"C:\\Users\\com\\OneDrive\\Desktop\\Hireflow\\backend\\src\\modules\\auth\\refreshToken.model.js","statementMap":{"0":{"start":{"line":3,"column":27},"end":{"line":26,"column":1}},"1":{"start":{"line":28,"column":21},"end":{"line":28,"column":71}}},"fnMap":{},"branchMap":{},"s":{"0":7,"1":7},"f":{},"b":{},"meta":{"lastBranch":0,"lastFunction":0,"lastStatement":2,"seen":{"s:3:27:26:1":0,"s:28:21:28:71":1},"fnNames":{}}}
,"C:\\Users\\com\\OneDrive\\Desktop\\Hireflow\\backend\\src\\modules\\candidate\\candidate.controller.js": {"path":"C:\\Users\\com\\OneDrive\\Desktop\\Hireflow\\backend\\src\\modules\\candidate\\candidate.controller.js","statementMap":{"0":{"start":{"line":6,"column":30},"end":{"line":15,"column":2}},"1":{"start":{"line":7,"column":17},"end":{"line":10,"column":3}},"2":{"start":{"line":12,"column":2},"end":{"line":14,"column":64}},"3":{"start":{"line":17,"column":29},"end":{"line":25,"column":2}},"4":{"start":{"line":18,"column":18},"end":{"line":18,"column":75}},"5":{"start":{"line":20,"column":2},"end":{"line":24,"column":6}},"6":{"start":{"line":27,"column":30},"end":{"line":36,"column":2}},"7":{"start":{"line":28,"column":17},"end":{"line":31,"column":3}},"8":{"start":{"line":33,"column":2},"end":{"line":35,"column":64}},"9":{"start":{"line":38,"column":29},"end":{"line":47,"column":2}},"10":{"start":{"line":39,"column":17},"end":{"line":42,"column":3}},"11":{"start":{"line":44,"column":2},"end":{"line":46,"column":64}}},"fnMap":{"0":{"name":"(anonymous_0)","decl":{"start":{"line":6,"column":44},"end":{"line":6,"column":49}},"loc":{"start":{"line":6,"column":64},"end":{"line":15,"column":1}},"line":6},"1":{"name":"(anonymous_1)","decl":{"start":{"line":17,"column":43},"end":{"line":17,"column":48}},"loc":{"start":{"line":17,"column":63},"end":{"line":25,"column":1}},"line":17},"2":{"name":"(anonymous_2)","decl":{"start":{"line":27,"column":44},"end":{"line":27,"column":49}},"loc":{"start":{"line":27,"column":64},"end":{"line":36,"column":1}},"line":27},"3":{"name":"(anonymous_3)","decl":{"start":{"line":38,"column":43},"end":{"line":38,"column":48}},"loc":{"start":{"line":38,"column":63},"end":{"line":47,"column":1}},"line":38}},"branchMap":{},"s":{"0":7,"1":0,"2":0,"3":7,"4":0,"5":0,"6":7,"7":0,"8":0,"9":7,"10":0,"11":0},"f":{"0":0,"1":0,"2":0,"3":0},"b":{},"meta":{"lastBranch":0,"lastFunction":4,"lastStatement":12,"seen":{"s:6:30:15:2":0,"f:6:44:6:49":0,"s:7:17:10:3":1,"s:12:2:14:64":2,"s:17:29:25:2":3,"f:17:43:17:48":1,"s:18:18:18:75":4,"s:20:2:24:6":5,"s:27:30:36:2":6,"f:27:44:27:49":2,"s:28:17:31:3":7,"s:33:2:35:64":8,"s:38:29:47:2":9,"f:38:43:38:48":3,"s:39:17:42:3":10,"s:44:2:46:64":11},"fnNames":{}}}
,"C:\\Users\\com\\OneDrive\\Desktop\\Hireflow\\backend\\src\\modules\\candidate\\candidate.model.js": {"path":"C:\\Users\\com\\OneDrive\\Desktop\\Hireflow\\backend\\src\\modules\\candidate\\candidate.model.js","statementMap":{"0":{"start":{"line":5,"column":24},"end":{"line":102,"column":1}},"1":{"start":{"line":104,"column":0},"end":{"line":107,"column":3}},"2":{"start":{"line":109,"column":0},"end":{"line":114,"column":3}},"3":{"start":{"line":116,"column":18},"end":{"line":116,"column":62}}},"fnMap":{},"branchMap":{},"s":{"0":7,"1":7,"2":7,"3":7},"f":{},"b":{},"meta":{"lastBranch":0,"lastFunction":0,"lastStatement":4,"seen":{"s:5:24:102:1":0,"s:104:0:107:3":1,"s:109:0:114:3":2,"s:116:18:116:62":3},"fnNames":{}}}
,"C:\\Users\\com\\OneDrive\\Desktop\\Hireflow\\backend\\src\\modules\\candidate\\candidate.routes.js": {"path":"C:\\Users\\com\\OneDrive\\Desktop\\Hireflow\\backend\\src\\modules\\candidate\\candidate.routes.js","statementMap":{"0":{"start":{"line":22,"column":15},"end":{"line":22,"column":31}},"1":{"start":{"line":24,"column":0},"end":{"line":24,"column":53}},"2":{"start":{"line":85,"column":0},"end":{"line":89,"column":2}},"3":{"start":{"line":108,"column":0},"end":{"line":108,"column":46}},"4":{"start":{"line":134,"column":0},"end":{"line":138,"column":2}},"5":{"start":{"line":172,"column":0},"end":{"line":172,"column":69}}},"fnMap":{},"branchMap":{},"s":{"0":7,"1":7,"2":7,"3":7,"4":7,"5":7},"f":{},"b":{},"meta":{"lastBranch":0,"lastFunction":0,"lastStatement":6,"seen":{"s:22:15:22:31":0,"s:24:0:24:53":1,"s:85:0:89:2":2,"s:108:0:108:46":3,"s:134:0:138:2":4,"s:172:0:172:69":5},"fnNames":{}}}
[...]
:{"start":{"line":31,"column":29},"end":{"line":60,"column":3}},"line":31},"3":{"name":"(anonymous_3)","decl":{"start":{"line":32,"column":23},"end":{"line":32,"column":24}},"loc":{"start":{"line":32,"column":34},"end":{"line":59,"column":5}},"line":32}},"branchMap":{"0":{"loc":{"start":{"line":21,"column":6},"end":{"line":25,"column":7}},"type":"if","locations":[{"start":{"line":21,"column":6},"end":{"line":25,"column":7}},{"start":{},"end":{}}],"line":21},"1":{"loc":{"start":{"line":33,"column":6},"end":{"line":35,"column":7}},"type":"if","locations":[{"start":{"line":33,"column":6},"end":{"line":35,"column":7}},{"start":{},"end":{}}],"line":33},"2":{"loc":{"start":{"line":37,"column":6},"end":{"line":39,"column":7}},"type":"if","locations":[{"start":{"line":37,"column":6},"end":{"line":39,"column":7}},{"start":{},"end":{}}],"line":37},"3":{"loc":{"start":{"line":41,"column":6},"end":{"line":56,"column":7}},"type":"if","locations":[{"start":{"line":41,"column":6},"end":{"line":56,"column":7}},{"start":{},"end":{}}],"line":41},"4":{"loc":{"start":{"line":42,"column":8},"end":{"line":44,"column":9}},"type":"if","locations":[{"start":{"line":42,"column":8},"end":{"line":44,"column":9}},{"start":{},"end":{}}],"line":42},"5":{"loc":{"start":{"line":46,"column":8},"end":{"line":53,"column":9}},"type":"if","locations":[{"start":{"line":46,"column":8},"end":{"line":53,"column":9}},{"start":{},"end":{}}],"line":46}},"s":{"0":7,"1":7,"2":14,"3":0,"4":0,"5":0,"6":14,"7":0,"8":0,"9":0,"10":0,"11":0,"12":0,"13":0,"14":0,"15":0,"16":0,"17":0,"18":0,"19":7,"20":7},"f":{"0":14,"1":0,"2":0,"3":0},"b":{"0":[0,0],"1":[0,0],"2":[0,0],"3":[0,0],"4":[0,0],"5":[0,0]},"meta":{"lastBranch":6,"lastFunction":4,"lastStatement":21,"seen":{"s:5:16:5:38":0,"s:7:35:61:1":1,"f:7:35:7:36":0,"s:12:18:29:22":2,"f:20:16:20:17":1,"b:21:6:25:7:undefined:undefined:undefined:undefined":0,"s:21:6:25:7":3,"s:22:8:24:10":4,"s:27:6:27:27":5,"s:31:2:60:4":6,"f:31:9:31:10":2,"s:32:4:59:7":7,"f:32:23:32:24":3,"b:33:6:35:7:undefined:undefined:undefined:undefined":1,"s:33:6:35:7":8,"s:34:8:34:22":9,"b:37:6:39:7:undefined:undefined:undefined:undefined":2,"s:37:6:39:7":10,"s:38:8:38:27":11,"b:41:6:56:7:undefined:undefined:undefined:undefined":3,"s:41:6:56:7":12,"b:42:8:44:9:undefined:undefined:undefined:undefined":4,"s:42:8:44:9":13,"s:43:10:43:71":14,"b:46:8:53:9:undefined:undefined:undefined:undefined":5,"s:46:8:53:9":15,"s:47:10:52:12":16,"s:55:8:55:54":17,"s:58:6:58:25":18,"s:63:21:67:2":19,"s:69:26:73:2":20},"fnNames":{}}}
,"C:\\Users\\com\\OneDrive\\Desktop\\Hireflow\\backend\\src\\shared\\middleware\\validate.js": {"path":"C:\\Users\\com\\OneDrive\\Desktop\\Hireflow\\backend\\src\\shared\\middleware\\validate.js","statementMap":{"0":{"start":{"line":4,"column":17},"end":{"line":25,"column":1}},"1":{"start":{"line":5,"column":2},"end":{"line":24,"column":4}},"2":{"start":{"line":6,"column":4},"end":{"line":23,"column":5}},"3":{"start":{"line":7,"column":28},"end":{"line":7,"column":50}},"4":{"start":{"line":9,"column":6},"end":{"line":9,"column":31}},"5":{"start":{"line":11,"column":6},"end":{"line":11,"column":13}},"6":{"start":{"line":13,"column":6},"end":{"line":20,"column":7}},"7":{"start":{"line":14,"column":23},"end":{"line":17,"column":11}},"8":{"start":{"line":14,"column":52},"end":{"line":17,"column":9}},"9":{"start":{"line":19,"column":8},"end":{"line":19,"column":68}},"10":{"start":{"line":22,"column":6},"end":{"line":22,"column":18}}},"fnMap":{"0":{"name":"(anonymous_0)","decl":{"start":{"line":4,"column":17},"end":{"line":4,"column":18}},"loc":{"start":{"line":4,"column":29},"end":{"line":25,"column":1}},"line":4},"1":{"name":"(anonymous_1)","decl":{"start":{"line":5,"column":9},"end":{"line":5,"column":10}},"loc":{"start":{"line":5,"column":29},"end":{"line":24,"column":3}},"line":5},"2":{"name":"(anonymous_2)","decl":{"start":{"line":14,"column":40},"end":{"line":14,"column":41}},"loc":{"start":{"line":14,"column":52},"end":{"line":17,"column":9}},"line":14}},"branchMap":{"0":{"loc":{"start":{"line":13,"column":6},"end":{"line":20,"column":7}},"type":"if","locations":[{"start":{"line":13,"column":6},"end":{"line":20,"column":7}},{"start":{},"end":{}}],"line":13}},"s":{"0":7,"1":126,"2":64,"3":64,"4":64,"5":64,"6":2,"7":2,"8":5,"9":2,"10":0},"f":{"0":126,"1":64,"2":5},"b":{"0":[2,0]},"meta":{"lastBranch":1,"lastFunction":3,"lastStatement":11,"seen":{"s:4:17:25:1":0,"f:4:17:4:18":0,"s:5:2:24:4":1,"f:5:9:5:10":1,"s:6:4:23:5":2,"s:7:28:7:50":3,"s:9:6:9:31":4,"s:11:6:11:13":5,"b:13:6:20:7:undefined:undefined:undefined:undefined":0,"s:13:6:20:7":6,"s:14:23:17:11":7,"f:14:40:14:41":2,"s:14:52:17:9":8,"s:19:8:19:68":9,"s:22:6:22:18":10},"fnNames":{}}}
,"C:\\Users\\com\\OneDrive\\Desktop\\Hireflow\\backend\\src\\shared\\responses\\ApiResponse.js": {"path":"C:\\Users\\com\\OneDrive\\Desktop\\Hireflow\\backend\\src\\shared\\responses\\ApiResponse.js","statementMap":{"0":{"start":{"line":3,"column":4},"end":{"line":3,"column":33}},"1":{"start":{"line":4,"column":4},"end":{"line":4,"column":36}},"2":{"start":{"line":5,"column":4},"end":{"line":5,"column":27}},"3":{"start":{"line":6,"column":4},"end":{"line":6,"column":21}}},"fnMap":{"0":{"name":"constructor","decl":{"start":{"line":2,"column":2},"end":{"line":2,"column":13}},"loc":{"start":{"line":2,"column":48},"end":{"line":7,"column":3}},"line":2}},"branchMap":{"0":{"loc":{"start":{"line":2,"column":35},"end":{"line":2,"column":46}},"type":"default-arg","locations":[{"start":{"line":2,"column":42},"end":{"line":2,"column":46}}],"line":2}},"s":{"0":61,"1":61,"2":61,"3":61},"f":{"0":61},"b":{"0":[61]},"meta":{"lastBranch":1,"lastFunction":1,"lastStatement":4,"seen":{"f:2:2:2:13":0,"b:2:42:2:46":0,"s:3:4:3:33":0,"s:4:4:4:36":1,"s:5:4:5:27":2,"s:6:4:6:21":3},"fnNames":{}}}
,"C:\\Users\\com\\OneDrive\\Desktop\\Hireflow\\backend\\src\\shared\\services\\email.service.js": {"path":"C:\\Users\\com\\OneDrive\\Desktop\\Hireflow\\backend\\src\\shared\\services\\email.service.js","statementMap":{"0":{"start":{"line":3,"column":20},"end":{"line":11,"column":2}},"1":{"start":{"line":13,"column":18},"end":{"line":20,"column":1}},"2":{"start":{"line":14,"column":2},"end":{"line":19,"column":5}}},"fnMap":{"0":{"name":"(anonymous_0)","decl":{"start":{"line":13,"column":18},"end":{"line":13,"column":23}},"loc":{"start":{"line":13,"column":51},"end":{"line":20,"column":1}},"line":13}},"branchMap":{},"s":{"0":6,"1":6,"2":0},"f":{"0":0},"b":{},"meta":{"lastBranch":0,"lastFunction":1,"lastStatement":3,"seen":{"s:3:20:11:2":0,"s:13:18:20:1":1,"f:13:18:13:23":0,"s:14:2:19:5":2},"fnNames":{}}}
,"C:\\Users\\com\\OneDrive\\Desktop\\Hireflow\\backend\\src\\shared\\services\\media.service.js": {"path":"C:\\Users\\com\\OneDrive\\Desktop\\Hireflow\\backend\\src\\shared\\services\\media.service.js","statementMap":{"0":{"start":{"line":6,"column":21},"end":{"line":33,"column":1}},"1":{"start":{"line":7,"column":2},"end":{"line":32,"column":5}},"2":{"start":{"line":8,"column":25},"end":{"line":29,"column":5}},"3":{"start":{"line":17,"column":8},"end":{"line":21,"column":9}},"4":{"start":{"line":18,"column":10},"end":{"line":20,"column":12}},"5":{"start":{"line":23,"column":8},"end":{"line":27,"column":11}},"6":{"start":{"line":31,"column":4},"end":{"line":31,"column":49}},"7":{"start":{"line":35,"column":20},"end":{"line":48,"column":1}},"8":{"start":{"line":36,"column":2},"end":{"line":38,"column":3}},"9":{"start":{"line":37,"column":4},"end":{"line":37,"column":11}},"10":{"start":{"line":40,"column":2},"end":{"line":47,"column":3}},"11":{"start":{"line":41,"column":4},"end":{"line":44,"column":7}},"12":{"start":{"line":46,"column":4},"end":{"line":46,"column":80}},"13":{"start":{"line":50,"column":25},"end":{"line":55,"column":1}},"14":{"start":{"line":51,"column":2},"end":{"line":54,"column":5}},"15":{"start":{"line":57,"column":23},"end":{"line":62,"column":1}},"16":{"start":{"line":58,"column":2},"end":{"line":61,"column":5}}},"fnMap":{"0":{"name":"(anonymous_0)","decl":{"start":{"line":6,"column":21},"end":{"line":6,"column":22}},"loc":{"start":{"line":6,"column":63},"end":{"line":33,"column":1}},"line":6},"1":{"name":"(anonymous_1)","decl":{"start":{"line":7,"column":21},"end":{"line":7,"column":22}},"loc":{"start":{"line":7,"column":42},"end":{"line":32,"column":3}},"line":7},"2":{"name":"(anonymous_2)","decl":{"start":{"line":16,"column":6},"end":{"line":16,"column":7}},"loc":{"start":{"line":16,"column":25},"end":{"line":28,"column":7}},"line":16},"3":{"name":"(anonymous_3)","decl":{"start":{"line":35,"column":20},"end":{"line":35,"column":25}},"loc":{"start":{"line":35,"column":54},"end":{"line":48,"column":1}},"line":35},"4":{"name":"(anonymous_4)","decl":{"start":{"line":50,"column":25},"end":{"line":50,"column":26}},"loc":{"start":{"line":50,"column":41},"end":{"line":55,"column":1}},"line":50},"5":{"name":"(anonymous_5)","decl":{"start":{"line":57,"column":23},"end":{"line":57,"column":24}},"loc":{"start":{"line":57,"column":39},"end":{"line":62,"column":1}},"line":57}},"branchMap":{"0":{"loc":{"start":{"line":17,"column":8},"end":{"line":21,"column":9}},"type":"if","locations":[{"start":{"line":17,"column":8},"end":{"line":21,"column":9}},{"start":{},"end":{}}],"line":17},"1":{"loc":{"start":{"line":36,"column":2},"end":{"line":38,"column":3}},"type":"if","locations":[{"start":{"line":36,"column":2},"end":{"line":38,"column":3}},{"start":{},"end":{}}],"line":36}},"s":{"0":7,"1":0,"2":0,"3":0,"4":0,"5":0,"6":0,"7":7,"8":0,"9":0,"10":0,"11":0,"12":0,"13":7,"14":0,"15":7,"16":0},"f":{"0":0,"1":0,"2":0,"3":0,"4":0,"5":0},"b":{"0":[0,0],"1":[0,0]},"meta":{"lastBranch":2,"lastFunction":6,"lastStatement":17,"seen":{"s:6:21:33:1":0,"f:6:21:6:22":0,"s:7:2:32:5":1,"f:7:21:7:22":1,"s:8:25:29:5":2,"f:16:6:16:7":2,"b:17:8:21:9:undefined:undefined:undefined:undefined":0,"s:17:8:21:9":3,"s:18:10:20:12":4,"s:23:8:27:11":5,"s:31:4:31:49":6,"s:35:20:48:1":7,"f:35:20:35:25":3,"b:36:2:38:3:undefined:undefined:undefined:undefined":1,"s:36:2:38:3":8,"s:37:4:37:11":9,"s:40:2:47:3":10,"s:41:4:44:7":11,"s:46:4:46:80":12,"s:50:25:55:1":13,"f:50:25:50:26":4,"s:51:2:54:5":14,"s:57:23:62:1":15,"f:57:23:57:24":5,"s:58:2:61:5":16},"fnNames":{}}}
,"C:\\Users\\com\\OneDrive\\Desktop\\Hireflow\\backend\\src\\shared\\utils\\asyncHandler.js": {"path":"C:\\Users\\com\\OneDrive\\Desktop\\Hireflow\\backend\\src\\shared\\utils\\asyncHandler.js","statementMap":{"0":{"start":{"line":1,"column":21},"end":{"line":5,"column":1}},"1":{"start":{"line":2,"column":2},"end":{"line":4,"column":4}},"2":{"start":{"line":3,"column":4},"end":{"line":3,"column":64}}},"fnMap":{"0":{"name":"(anonymous_0)","decl":{"start":{"line":1,"column":21},"end":{"line":1,"column":22}},"loc":{"start":{"line":1,"column":41},"end":{"line":5,"column":1}},"line":1},"1":{"name":"(anonymous_1)","decl":{"start":{"line":2,"column":9},"end":{"line":2,"column":10}},"loc":{"start":{"line":2,"column":29},"end":{"line":4,"column":3}},"line":2}},"branchMap":{},"s":{"0":7,"1":245,"2":103},"f":{"0":245,"1":103},"b":{},"meta":{"lastBranch":0,"lastFunction":2,"lastStatement":3,"seen":{"s:1:21:5:1":0,"f:1:21:1:22":0,"s:2:2:4:4":1,"f:2:9:2:10":1,"s:3:4:3:64":2},"fnNames":{}}}
,"C:\\Users\\com\\OneDrive\\Desktop\\Hireflow\\backend\\src\\shared\\utils\\jwt.js": {"path":"C:\\Users\\com\\OneDrive\\Desktop\\Hireflow\\backend\\src\\shared\\utils\\jwt.js","statementMap":{"0":{"start":{"line":4,"column":28},"end":{"line":8,"column":1}},"1":{"start":{"line":5,"column":2},"end":{"line":7,"column":5}},"2":{"start":{"line":10,"column":29},"end":{"line":14,"column":1}},"3":{"start":{"line":11,"column":2},"end":{"line":13,"column":5}},"4":{"start":{"line":16,"column":26},"end":{"line":22,"column":1}},"5":{"start":{"line":17,"column":2},"end":{"line":21,"column":3}},"6":{"start":{"line":18,"column":4},"end":{"line":18,"column":62}},"7":{"start":{"line":20,"column":4},"end":{"line":20,"column":56}},"8":{"start":{"line":24,"column":27},"end":{"line":30,"column":1}},"9":{"start":{"line":25,"column":2},"end":{"line":29,"column":3}},"10":{"start":{"line":26,"column":4},"end":{"line":26,"column":63}},"11":{"start":{"line":28,"column":4},"end":{"line":28,"column":64}}},"fnMap":{"0":{"name":"(anonymous_0)","decl":{"start":{"line":4,"column":28},"end":{"line":4,"column":29}},"loc":{"start":{"line":4,"column":41},"end":{"line":8,"column":1}},"line":4},"1":{"name":"(anonymous_1)","decl":{"start":{"line":10,"column":29},"end":{"line":10,"column":30}},"loc":{"start":{"line":10,"column":42},"end":{"line":14,"column":1}},"line":10},"2":{"name":"(anonymous_2)","decl":{"start":{"line":16,"column":26},"end":{"line":16,"column":27}},"loc":{"start":{"line":16,"column":37},"end":{"line":22,"column":1}},"line":16},"3":{"name":"(anonymous_3)","decl":{"start":{"line":24,"column":27},"end":{"line":24,"column":28}},"loc":{"start":{"line":24,"column":38},"end":{"line":30,"column":1}},"line":24}},"branchMap":{},"s":{"0":7,"1":35,"2":7,"3":35,"4":7,"5":33,"6":33,"7":1,"8":7,"9":7,"10":7,"11":0},"f":{"0":35,"1":35,"2":33,"3":7},"b":{},"meta":{"lastBranch":0,"lastFunction":4,"lastStatement":12,"seen":{"s:4:28:8:1":0,"f:4:28:4:29":0,"s:5:2:7:5":1,"s:10:29:14:1":2,"f:10:29:10:30":1,"s:11:2:13:5":3,"s:16:26:22:1":4,"f:16:26:16:27":2,"s:17:2:21:3":5,"s:18:4:18:62":6,"s:20:4:20:56":7,"s:24:27:30:1":8,"f:24:27:24:28":3,"s:25:2:29:3":9,"s:26:4:26:63":10,"s:28:4:28:64":11},"fnNames":{}}}
,"C:\\Users\\com\\OneDrive\\Desktop\\Hireflow\\backend\\src\\shared\\utils\\password.js": {"path":"C:\\Users\\com\\OneDrive\\Desktop\\Hireflow\\backend\\src\\shared\\utils\\password.js","statementMap":{"0":{"start":{"line":3,"column":21},"end":{"line":5,"column":1}},"1":{"start":{"line":4,"column":2},"end":{"line":4,"column":46}},"2":{"start":{"line":7,"column":24},"end":{"line":9,"column":1}},"3":{"start":{"line":8,"column":2},"end":{"line":8,"column":61}}},"fnMap":{"0":{"name":"(anonymous_0)","decl":{"start":{"line":3,"column":21},"end":{"line":3,"column":26}},"loc":{"start":{"line":3,"column":46},"end":{"line":5,"column":1}},"line":3},"1":{"name":"(anonymous_1)","decl":{"start":{"line":7,"column":24},"end":{"line":7,"column":29}},"loc":{"start":{"line":7,"column":65},"end":{"line":9,"column":1}},"line":7}},"branchMap":{},"s":{"0":7,"1":42,"2":7,"3":33},"f":{"0":42,"1":33},"b":{},"meta":{"lastBranch":0,"lastFunction":2,"lastStatement":4,"seen":{"s:3:21:5:1":0,"f:3:21:3:26":0,"s:4:2:4:46":1,"s:7:24:9:1":2,"f:7:24:7:29":1,"s:8:2:8:61":3},"fnNames":{}}}
,"C:\\Users\\com\\OneDrive\\Desktop\\Hireflow\\backend\\src\\shared\\utils\\token.js": {"path":"C:\\Users\\com\\OneDrive\\Desktop\\Hireflow\\backend\\src\\shared\\utils\\token.js","statementMap":{"0":{"start":{"line":3,"column":28},"end":{"line":5,"column":1}},"1":{"start":{"line":4,"column":2},"end":{"line":4,"column":48}},"2":{"start":{"line":7,"column":18},"end":{"line":9,"column":1}},"3":{"start":{"line":8,"column":2},"end":{"line":8,"column":65}}},"fnMap":{"0":{"name":"(anonymous_0)","decl":{"start":{"line":3,"column":28},"end":{"line":3,"column":29}},"loc":{"start":{"line":3,"column":34},"end":{"line":5,"column":1}},"line":3},"1":{"name":"(anonymous_1)","decl":{"start":{"line":7,"column":18},"end":{"line":7,"column":19}},"loc":{"start":{"line":7,"column":29},"end":{"line":9,"column":1}},"line":7}},"branchMap":{},"s":{"0":7,"1":2,"2":7,"3":45},"f":{"0":2,"1":45},"b":{},"meta":{"lastBranch":0,"lastFunction":2,"lastStatement":4,"seen":{"s:3:28:5:1":0,"f:3:28:3:29":0,"s:4:2:4:48":1,"s:7:18:9:1":2,"f:7:18:7:19":1,"s:8:2:8:65":3},"fnNames":{}}}
,"C:\\Users\\com\\OneDrive\\Desktop\\Hireflow\\backend\\tests\\helpers\\auth.helpers.js": {"path":"C:\\Users\\com\\OneDrive\\Desktop\\Hireflow\\backend\\tests\\helpers\\auth.helpers.js","statementMap":{"0":{"start":{"line":6,"column":27},"end":{"line":21,"column":1}},"1":{"start":{"line":13,"column":2},"end":{"line":20,"column":5}},"2":{"start":{"line":23,"column":18},"end":{"line":33,"column":1}},"3":{"start":{"line":24,"column":19},"end":{"line":30,"column":16}},"4":{"start":{"line":32,"column":2},"end":{"line":32,"column":28}},"5":{"start":{"line":35,"column":19},"end":{"line":37,"column":2}},"6":{"start":{"line":35,"column":37},"end":{"line":37,"column":1}}},"fnMap":{"0":{"name":"(anonymous_0)","decl":{"start":{"line":6,"column":27},"end":{"line":6,"column":32}},"loc":{"start":{"line":12,"column":6},"end":{"line":21,"column":1}},"line":12},"1":{"name":"(anonymous_1)","decl":{"start":{"line":23,"column":18},"end":{"line":23,"column":23}},"loc":{"start":{"line":23,"column":65},"end":{"line":33,"column":1}},"line":23},"2":{"name":"(anonymous_2)","decl":{"start":{"line":35,"column":19},"end":{"line":35,"column":20}},"loc":{"start":{"line":35,"column":37},"end":{"line":37,"column":1}},"line":35}},"branchMap":{"0":{"loc":{"start":{"line":9,"column":2},"end":{"line":9,"column":26}},"type":"default-arg","locations":[{"start":{"line":9,"column":13},"end":{"line":9,"column":26}}],"line":9},"1":{"loc":{"start":{"line":11,"column":2},"end":{"line":11,"column":17}},"type":"default-arg","locations":[{"start":{"line":11,"column":13},"end":{"line":11,"column":17}}],"line":11},"2":{"loc":{"start":{"line":23,"column":34},"end":{"line":23,"column":58}},"type":"default-arg","locations":[{"start":{"line":23,"column":45},"end":{"line":23,"column":58}}],"line":23}},"s":{"0":5,"1":38,"2":5,"3":31,"4":31,"5":5,"6":32},"f":{"0":38,"1":31,"2":32},"b":{"0":[38],"1":[38],"2":[31]},"meta":{"lastBranch":3,"lastFunction":3,"lastStatement":7,"seen":{"s:6:27:21:1":0,"f:6:27:6:32":0,"b:9:13:9:26":0,"b:11:13:11:17":1,"s:13:2:20:5":1,"s:23:18:33:1":2,"f:23:18:23:23":1,"b:23:45:23:58":2,"s:24:19:30:16":3,"s:32:2:32:28":4,"s:35:19:37:2":5,"f:35:19:35:20":2,"s:35:37:37:1":6},"fnNames":{}}}
,"C:\\Users\\com\\OneDrive\\Desktop\\Hireflow\\backend\\tests\\helpers\\business.helpers.js": {"path":"C:\\Users\\com\\OneDrive\\Desktop\\Hireflow\\backend\\tests\\helpers\\business.helpers.js","statementMap":{"0":{"start":{"line":14,"column":30},"end":{"line":23,"column":1}},"1":{"start":{"line":15,"column":2},"end":{"line":22,"column":5}},"2":{"start":{"line":25,"column":31},"end":{"line":35,"column":1}},"3":{"start":{"line":26,"column":2},"end":{"line":34,"column":5}},"4":{"start":{"line":37,"column":31},"end":{"line":52,"column":1}},"5":{"start":{"line":41,"column":2},"end":{"line":51,"column":5}},"6":{"start":{"line":54,"column":22},"end":{"line":78,"column":1}},"7":{"start":{"line":59,"column":2},"end":{"line":77,"column":5}}},"fnMap":{"0":{"name":"(anonymous_0)","decl":{"start":{"line":14,"column":30},"end":{"line":14,"column":35}},"loc":{"start":{"line":14,"column":49},"end":{"line":23,"column":1}},"line":14},"1":{"name":"(anonymous_1)","decl":{"start":{"line":25,"column":31},"end":{"line":25,"column":36}},"loc":{"start":{"line":25,"column":75},"end":{"line":35,"column":1}},"line":25},"2":{"name":"(anonymous_2)","decl":{"start":{"line":37,"column":31},"end":{"line":37,"column":36}},"loc":{"start":{"line":40,"column":6},"end":{"line":52,"column":1}},"line":40},"3":{"name":"(anonymous_3)","decl":{"start":{"line":54,"column":22},"end":{"line":54,"column":27}},"loc":{"start":{"line":58,"column":6},"end":{"line":78,"column":1}},"line":58}},"branchMap":{"0":{"loc":{"start":{"line":39,"column":2},"end":{"line":39,"column":51}},"type":"default-arg","locations":[{"start":{"line":39,"column":14},"end":{"line":39,"column":51}}],"line":39},"1":{"loc":{"start":{"line":57,"column":2},"end":{"line":57,"column":33}},"type":"default-arg","locations":[{"start":{"line":57,"column":10},"end":{"line":57,"column":33}}],"line":57}},"s":{"0":3,"1":13,"2":3,"3":7,"4":3,"5":8,"6":3,"7":9},"f":{"0":13,"1":7,"2":8,"3":9},"b":{"0":[8],"1":[9]},"meta":{"lastBranch":2,"lastFunction":4,"lastStatement":8,"seen":{"s:14:30:23:1":0,"f:14:30:14:35":0,"s:15:2:22:5":1,"s:25:31:35:1":2,"f:25:31:25:36":1,"s:26:2:34:5":3,"s:37:31:52:1":4,"f:37:31:37:36":2,"b:39:14:39:51":0,"s:41:2:51:5":5,"s:54:22:78:1":6,"f:54:22:54:27":3,"b:57:10:57:33":1,"s:59:2:77:5":7},"fnNames":{}}}
}
